<?xml version="1.0" encoding="utf-8"?><testsuites name="pytest tests"><testsuite name="pytest" errors="0" failures="0" skipped="0" tests="1883" time="123.183" timestamp="2026-09-05T03:19:02.046419+00:00" hostname="vm"><testcase classname="test_01_auth.TestLoginPage" name="test_login_page_accessible" time="1.931" /><testcase classname="test_01_auth.TestLoginPage" name="test_login_page_contains_form" time="0.002" /><testcase classname="test_01_auth.TestLoginPage" name="test_login_invalid_email" time="0.005" /><testcase classname="test_01_auth.TestLoginPage" name="test_login_wrong_password" time="0.112" /><testcase classname="test_01_auth.TestLoginPage" name="test_login_correct_credentials" time="0.504" /><testcase classname="test_01_auth.TestLoginPage" name="test_logout_redirects" time="0.007" /><testcase classname="test_01_auth.TestAuthCurrentUser" name="test_current_user_endpoint_exists" time="0.005" /><testcase classname="test_01_auth.TestAuthCurrentUser" name="test_healthz_always_available" time="0.001" /><testcase classname="test_02_activities.TestActivitiesView" name="test_view_redirects_or_shows_page" time="0.181" /><testcase classname="test_02_activities.TestActivitiesView" name="test_view_accessible_authenticated" time="0.013" /><testcase classname="test_02_activities.TestActivitiesView" name="test_view_contains_activity_keyword" time="0.012" /><testcase classname="test_02_activities.TestActivitiesView" name="test_view_returns_html" time="0.011" /><testcase classname="test_02_activities.TestActivitiesDetails" name="test_get_activity_details" time="0.019" /><testcase classname="test_02_activities.TestActivitiesDetails" name="test_get_activity_details_not_found" time="0.002" /><testcase classname="test_02_activities.TestActivitiesDetails" name="test_activity_details_has_name" time="0.006" /><testcase classname="test_02_activities.TestActivitiesRoutes" name="test_task_reorder_endpoint" time="0.008" /><testcase classname="test_02_activities.TestActivitiesRoutes" name="test_view_page_has_tasks_section" time="0.013" /><testcase classname="test_02_activities" name="test_le_bandeau_dit_la_provenance" time="0.040" /><testcase classname="test_03_tasks.TestTasksCRUD" name="test_add_task" time="0.007" /><testcase classname="test_03_tasks.TestTasksCRUD" name="test_add_task_missing_name" time="0.001" /><testcase classname="test_03_tasks.TestTasksCRUD" name="test_add_task_missing_activity" time="0.001" /><testcase classname="test_03_tasks.TestTasksCRUD" name="test_update_task" time="0.016" /><testcase classname="test_03_tasks.TestTasksCRUD" name="test_update_task_not_found" time="0.002" /><testcase classname="test_03_tasks.TestTasksCRUD" name="test_delete_task_not_found" time="0.002" /><testcase classname="test_03_tasks.TestTasksRoles" name="test_get_task_roles_returns_data" time="0.003" /><testcase classname="test_03_tasks.TestTasksRoles" name="test_add_role_to_task_invalid" time="0.003" /><testcase classname="test_03_tasks.TestTasksRoles" name="test_remove_role_from_task_not_found" time="0.003" /><testcase classname="test_03_tasks.TestTasksRender" name="test_render_tasks_returns_200" time="0.007" /><testcase classname="test_03_tasks.TestTasksRender" name="test_render_tasks_unknown_activity" time="0.001" /><testcase classname="test_03_tasks.TestTasksReorder" name="test_reorder_tasks" time="0.004" /><testcase classname="test_04_activity_features.TestTaskDeleteCascade" name="test_delete_task_no_fk_violation" time="0.014" /><testcase classname="test_04_activity_features.TestTaskDeleteCascade" name="test_delete_nonexistent_task" time="0.002" /><testcase classname="test_04_activity_features.TestTaskConnections" name="test_assign_incoming_connection" time="0.002" /><testcase classname="test_04_activity_features.TestTaskConnections" name="test_assign_outgoing_connection" time="0.002" /><testcase classname="test_04_activity_features.TestTaskConnections" name="test_get_activity_connections" time="0.001" /><testcase classname="test_04_activity_features.TestTaskConnections" name="test_unassign_connection" time="0.002" /><testcase classname="test_04_activity_features.TestTaskConnections" name="test_assign_missing_params" time="0.001" /><testcase classname="test_04_activity_features.TestPerformance" name="test_add_performance" time="0.004" /><testcase classname="test_04_activity_features.TestPerformance" name="test_update_performance" time="0.003" /><testcase classname="test_04_activity_features.TestPerformance" name="test_render_performance_by_activity" time="0.003" /><testcase classname="test_04_activity_features.TestPerformance" name="test_render_performance_by_link" time="0.002" /><testcase classname="test_04_activity_features.TestPerformance" name="test_delete_performance" time="0.003" /><testcase classname="test_04_activity_features.TestConstraints" name="test_add_constraint" time="0.004" /><testcase classname="test_04_activity_features.TestConstraints" name="test_add_constraint_missing_description" time="0.001" /><testcase classname="test_04_activity_features.TestConstraints" name="test_update_constraint" time="0.004" /><testcase classname="test_04_activity_features.TestConstraints" name="test_render_constraints" time="0.008" /><testcase classname="test_04_activity_features.TestConstraints" name="test_delete_constraint" time="0.003" /><testcase classname="test_04_activity_features.TestSavoirs" name="test_add_savoir" time="0.004" /><testcase classname="test_04_activity_features.TestSavoirs" name="test_update_savoir" time="0.004" /><testcase classname="test_04_activity_features.TestSavoirs" name="test_render_savoirs" time="0.009" /><testcase classname="test_04_activity_features.TestSavoirs" name="test_delete_savoir" time="0.003" /><testcase classname="test_04_activity_features.TestSavoirFaires" name="test_add_savoir_faire" time="0.004" /><testcase classname="test_04_activity_features.TestSavoirFaires" name="test_update_savoir_faire" time="0.004" /><testcase classname="test_04_activity_features.TestSavoirFaires" name="test_render_savoir_faires" time="0.002" /><testcase classname="test_04_activity_features.TestSavoirFaires" name="test_delete_savoir_faire" time="0.003" /><testcase classname="test_04_activity_features.TestAptitudes" name="test_add_aptitude" time="0.004" /><testcase classname="test_04_activity_features.TestAptitudes" name="test_update_aptitude" time="0.003" /><testcase classname="test_04_activity_features.TestAptitudes" name="test_render_aptitudes" time="0.002" /><testcase classname="test_04_activity_features.TestAptitudes" name="test_delete_aptitude" time="0.002" /><testcase classname="test_04_activity_features.TestSoftskillsHSC" name="test_add_softskill" time="0.005" /><testcase classname="test_04_activity_features.TestSoftskillsHSC" name="test_update_softskill" time="0.004" /><testcase classname="test_04_activity_features.TestSoftskillsHSC" name="test_render_softskills" time="0.002" /><testcase classname="test_04_activity_features.TestSoftskillsHSC" name="test_delete_softskill" time="0.002" /><testcase classname="test_04_activity_features.TestProposeRoutes" name="test_propose_savoirs_endpoint_exists" time="0.003" /><testcase classname="test_04_activity_features.TestProposeRoutes" name="test_propose_savoir_faires_endpoint_exists" time="0.002" /><testcase classname="test_04_activity_features.TestProposeRoutes" name="test_propose_aptitudes_endpoint_exists" time="0.002" /><testcase classname="test_04_activity_features.TestProposeRoutes" name="test_propose_softskills_endpoint_exists" time="0.002" /><testcase classname="test_04_activity_features.TestTimeManagement" name="test_get_activity_defaults" time="0.005" /><testcase classname="test_04_activity_features.TestTimeManagement" name="test_save_activity_time" time="0.004" /><testcase classname="test_04_activity_features.TestTimeManagement" name="test_get_activity_time" time="0.003" /><testcase classname="test_04_activity_features.TestTimeManagement" name="test_modify_activity_time" time="0.003" /><testcase classname="test_04_activity_features.TestTimeManagement" name="test_reset_activity_time" time="0.004" /><testcase classname="test_04_activity_features.TestTimeManagement" name="test_activities_list_for_time" time="0.003" /><testcase classname="test_04_constraints.TestConstraintsCRUD" name="test_add_constraint" time="0.003" /><testcase classname="test_04_constraints.TestConstraintsCRUD" name="test_add_constraint_empty_description" time="0.001" /><testcase classname="test_04_constraints.TestConstraintsCRUD" name="test_add_constraint_activity_not_found" time="0.002" /><testcase classname="test_04_constraints.TestConstraintsCRUD" name="test_update_constraint" time="0.005" /><testcase classname="test_04_constraints.TestConstraintsCRUD" name="test_delete_constraint" time="0.004" /><testcase classname="test_04_constraints.TestConstraintsCRUD" name="test_delete_constraint_not_found" time="0.002" /><testcase classname="test_04_constraints.TestConstraintsCRUD" name="test_render_constraints" time="0.002" /><testcase classname="test_04_constraints.TestConstraintsCRUD" name="test_render_constraints_activity_not_found" time="0.001" /><testcase classname="test_05_aptitudes.TestAptitudesCRUD" name="test_add_aptitude" time="0.003" /><testcase classname="test_05_aptitudes.TestAptitudesCRUD" name="test_add_aptitude_empty_description" time="0.001" /><testcase classname="test_05_aptitudes.TestAptitudesCRUD" name="test_update_aptitude" time="0.004" /><testcase classname="test_05_aptitudes.TestAptitudesCRUD" name="test_delete_aptitude" time="0.004" /><testcase classname="test_05_aptitudes.TestAptitudesCRUD" name="test_delete_aptitude_not_found" time="0.002" /><testcase classname="test_05_aptitudes.TestAptitudesCRUD" name="test_render_aptitudes" time="0.003" /><testcase classname="test_06_softskills.TestSoftskillsCRUD" name="test_add_softskill" time="0.004" /><testcase classname="test_06_softskills.TestSoftskillsCRUD" name="test_add_softskill_missing_fields" time="0.001" /><testcase classname="test_06_softskills.TestSoftskillsCRUD" name="test_update_softskill" time="0.005" /><testcase classname="test_06_softskills.TestSoftskillsCRUD" name="test_delete_softskill" time="0.004" /><testcase classname="test_06_softskills.TestSoftskillsCRUD" name="test_delete_softskill_not_found" time="0.001" /><testcase classname="test_06_softskills.TestSoftskillsCRUD" name="test_render_softskills" time="0.002" /><testcase classname="test_07_performance.TestPerformanceCRUD" name="test_add_performance" time="0.003" /><testcase classname="test_07_performance.TestPerformanceCRUD" name="test_add_performance_missing_name" time="0.002" /><testcase classname="test_07_performance.TestPerformanceCRUD" name="test_update_performance_not_found" time="0.001" /><testcase classname="test_07_performance.TestPerformanceCRUD" name="test_delete_performance_not_found" time="0.001" /><testcase classname="test_07_performance.TestPerformanceCRUD" name="test_render_performance_for_link" time="0.002" /><testcase classname="test_07_performance.TestPerformanceCRUD" name="test_render_performance_for_activity" time="0.002" /><testcase classname="test_07_performance.TestPerformanceCRUD" name="test_performance_add_and_delete" time="0.009" /><testcase classname="test_08_task_links.TestTaskLinkAssignments" name="test_assign_link_to_task" time="0.003" /><testcase classname="test_08_task_links.TestTaskLinkAssignments" name="test_assign_missing_fields" time="0.001" /><testcase classname="test_08_task_links.TestTaskLinkAssignments" name="test_get_assignments_for_activity" time="0.001" /><testcase classname="test_08_task_links.TestTaskLinkAssignments" name="test_get_assignments_empty_activity" time="0.001" /><testcase classname="test_08_task_links.TestTaskLinkAssignments" name="test_unassign_link" time="0.003" /><testcase classname="test_08_task_links.TestTaskLinkAssignments" name="test_unassign_nonexistent" time="0.001" /><testcase classname="test_08_task_links.TestTaskLinkAssignments" name="test_assign_arbitrary_direction_value_accepted" time="0.003" /><testcase classname="test_08_task_links.TestTaskLinkAssignments" name="test_assign_then_reassign" time="0.003" /><testcase classname="test_08_task_links.TestTaskLinkAssignmentsAuth" name="test_assign_requires_auth" time="0.001" /><testcase classname="test_08_task_links.TestTaskLinkAssignmentsAuth" name="test_unassign_requires_auth" time="0.001" /><testcase classname="test_08_task_links.TestTaskLinkAssignmentsAuth" name="test_get_assignments_requires_auth" time="0.003" /><testcase classname="test_09_time.TestTimePage" name="test_time_page_accessible" time="0.037" /><testcase classname="test_09_time.TestTimePage" name="test_get_calendar_params" time="0.004" /><testcase classname="test_09_time.TestTimePage" name="test_get_activity_defaults" time="0.003" /><testcase classname="test_09_time.TestTimePage" name="test_get_activity_time_empty" time="0.003" /><testcase classname="test_09_time.TestTimePage" name="test_post_activity_time" time="0.003" /><testcase classname="test_09_time.TestTimePage" name="test_delete_activity_time" time="0.003" /><testcase classname="test_09_time.TestTimePage" name="test_get_activities_list" time="0.002" /><testcase classname="test_09_time.TestTimePage" name="test_get_projects_list" time="0.003" /><testcase classname="test_09_time.TestTimePage" name="test_get_time_analyses_list" time="0.002" /><testcase classname="test_09_time.TestTimePage" name="test_create_time_analysis" time="0.003" /><testcase classname="test_09_time.TestTimePage" name="test_get_role_analyses_list" time="0.003" /><testcase classname="test_10_roles.TestRolesList" name="test_list_roles" time="0.002" /><testcase classname="test_10_roles.TestRolesList" name="test_assign_garant_to_activity_not_found" time="0.001" /><testcase classname="test_10_roles.TestRolesList" name="test_update_role_not_found" time="0.002" /><testcase classname="test_10_roles.TestRolesList" name="test_delete_role_not_found" time="0.001" /><testcase classname="test_10_roles.TestRolesList" name="test_role_lifecycle" time="0.011" /><testcase classname="test_11_tools.TestGestionOutilsPage" name="test_page_accessible_auth" time="0.010" /><testcase classname="test_11_tools.TestGestionOutilsPage" name="test_page_no_auth_returns_redirect_or_200" time="0.002" /><testcase classname="test_11_tools.TestListTools" name="test_list_tools_returns_list" time="0.003" /><testcase classname="test_11_tools.TestListTools" name="test_list_tools_contains_expected_fields" time="0.011" /><testcase classname="test_11_tools.TestListTools" name="test_tools_all_endpoint_returns_list" time="0.002" /><testcase classname="test_11_tools.TestCreateTool" name="test_create_tool_success" time="0.007" /><testcase classname="test_11_tools.TestCreateTool" name="test_create_tool_empty_name_returns_400" time="0.001" /><testcase classname="test_11_tools.TestCreateTool" name="test_create_tool_missing_name_returns_400" time="0.001" /><testcase classname="test_11_tools.TestCreateTool" name="test_create_tool_duplicate_returns_409" time="0.006" /><testcase classname="test_11_tools.TestCreateTool" name="test_create_tool_case_insensitive_duplicate" time="0.006" /><testcase classname="test_11_tools.TestUpdateTool" name="test_update_tool_name" time="0.010" /><testcase classname="test_11_tools.TestUpdateTool" name="test_update_tool_description" time="0.007" /><testcase classname="test_11_tools.TestUpdateTool" name="test_update_tool_empty_name_returns_400" time="0.005" /><testcase classname="test_11_tools.TestUpdateTool" name="test_update_tool_not_found" time="0.002" /><testcase classname="test_11_tools.TestUpdateTool" name="test_update_tool_duplicate_name_returns_409" time="0.012" /><testcase classname="test_11_tools.TestToolUsages" name="test_usages_not_found" time="0.001" /><testcase classname="test_11_tools.TestToolUsages" name="test_usages_no_tasks" time="0.007" /><testcase classname="test_11_tools.TestToolUsages" name="test_usages_with_task" time="0.017" /><testcase classname="test_11_tools.TestReplaceTool" name="test_replace_tool_missing_replacement_id" time="0.005" /><testcase classname="test_11_tools.TestReplaceTool" name="test_replace_tool_replacement_not_found" time="0.005" /><testcase classname="test_11_tools.TestReplaceTool" name="test_replace_tool_self_returns_400" time="0.005" /><testcase classname="test_11_tools.TestReplaceTool" name="test_replace_tool_success" time="0.021" /><testcase classname="test_11_tools.TestReplaceTool" name="test_replace_tool_source_not_found" time="0.002" /><testcase classname="test_11_tools.TestDeleteTool" name="test_delete_tool_not_found" time="0.002" /><testcase classname="test_11_tools.TestDeleteTool" name="test_delete_tool_without_usages" time="0.007" /><testcase classname="test_11_tools.TestDeleteTool" name="test_delete_tool_with_usage_returns_409" time="0.015" /><testcase classname="test_11_tools.TestDeleteTool" name="test_delete_tool_force_detach" time="0.011" /><testcase classname="test_11_tools.TestDeleteTool" name="test_delete_tool_partial_by_task_ids" time="0.012" /><testcase classname="test_11_tools.TestToolsTaskAPI" name="test_add_tool_missing_task_id" time="0.001" /><testcase classname="test_11_tools.TestToolsTaskAPI" name="test_add_tool_task_not_found" time="0.002" /><testcase classname="test_11_tools.TestToolsTaskAPI" name="test_add_new_tool_by_name" time="0.010" /><testcase classname="test_11_tools.TestToolsTaskAPI" name="test_add_existing_tool_by_id" time="0.013" /><testcase classname="test_11_tools.TestToolsTaskAPI" name="test_add_same_tool_twice_not_duplicated" time="0.016" /><testcase classname="test_11_tools.TestToolsTaskAPI" name="test_delete_tool_from_task_missing_fields" time="0.001" /><testcase classname="test_11_tools.TestToolsTaskAPI" name="test_delete_tool_from_task_task_not_found" time="0.002" /><testcase classname="test_11_tools.TestToolsTaskAPI" name="test_delete_tool_from_task_tool_not_found" time="0.003" /><testcase classname="test_11_tools.TestToolsTaskAPI" name="test_delete_tool_not_linked_to_task" time="0.006" /><testcase classname="test_11_tools.TestToolsTaskAPI" name="test_delete_tool_from_task_success" time="0.013" /><testcase classname="test_11_tools.TestGestionOutilsApiAuth" name="test_create_tool_requires_auth" time="0.001" /><testcase classname="test_11_tools.TestGestionOutilsApiAuth" name="test_update_tool_requires_auth" time="0.005" /><testcase classname="test_11_tools.TestGestionOutilsApiAuth" name="test_delete_tool_requires_auth" time="0.005" /><testcase classname="test_11_tools.TestGestionOutilsApiAuth" name="test_replace_tool_requires_auth" time="0.009" /><testcase classname="test_12_gestion_rh.TestGestionRHPage" name="test_page_accessible_auth" time="0.218" /><testcase classname="test_12_gestion_rh.TestGestionRHPage" name="test_page_no_auth_returns_non_500" time="0.005" /><testcase classname="test_12_gestion_rh.TestGestionRHPage" name="test_page_contains_roles_section" time="0.005" /><testcase classname="test_12_gestion_rh.TestRolesAPI" name="test_get_all_roles_returns_list" time="0.001" /><testcase classname="test_12_gestion_rh.TestRolesAPI" name="test_get_all_roles_contains_expected_fields" time="0.007" /><testcase classname="test_12_gestion_rh.TestRolesAPI" name="test_get_users_with_roles_returns_list" time="0.003" /><testcase classname="test_12_gestion_rh.TestRolesAPI" name="test_get_users_with_role_existing" time="0.240" /><testcase classname="test_12_gestion_rh.TestRolesAPI" name="test_get_users_with_role_nonexistent_returns_empty" time="0.002" /><testcase classname="test_12_gestion_rh.TestRolesAPI" name="test_get_users_by_roles_valid" time="0.007" /><testcase classname="test_12_gestion_rh.TestRolesAPI" name="test_get_users_by_roles_empty_param" time="0.002" /><testcase classname="test_12_gestion_rh.TestRolesAPI" name="test_get_all_collaborators_with_manager" time="0.004" /><testcase classname="test_12_gestion_rh.TestRolesCRUD" name="test_create_role_success" time="0.006" /><testcase classname="test_12_gestion_rh.TestRolesCRUD" name="test_update_role_success" time="0.008" /><testcase classname="test_12_gestion_rh.TestRolesCRUD" name="test_update_role_nonexistent_id_no_crash" time="0.002" /><testcase classname="test_12_gestion_rh.TestRolesCRUD" name="test_delete_role_success" time="0.006" /><testcase classname="test_12_gestion_rh.TestRolesCRUD" name="test_delete_role_not_found" time="0.002" /><testcase classname="test_12_gestion_rh.TestCollaborateurs" name="test_collaborateurs_returns_list" time="0.003" /><testcase classname="test_12_gestion_rh.TestCollaborateurs" name="test_collaborateurs_contains_expected_user" time="0.002" /><testcase classname="test_12_gestion_rh.TestCollaborateurs" name="test_collaborateurs_search_filter" time="0.003" /><testcase classname="test_12_gestion_rh.TestCollaborateurs" name="test_collaborateurs_search_no_match" time="0.002" /><testcase classname="test_12_gestion_rh.TestCollaborateurs" name="test_collaborateurs_role_filter" time="0.128" /><testcase classname="test_12_gestion_rh.TestCollaborateurRoles" name="test_update_collaborateur_roles_success" time="0.123" /><testcase classname="test_12_gestion_rh.TestCollaborateurRoles" name="test_update_collaborateur_roles_clear" time="0.129" /><testcase classname="test_12_gestion_rh.TestCollaborateurRoles" name="test_assign_roles_via_form" time="0.121" /><testcase classname="test_12_gestion_rh.TestUpdateCollaboratorName" name="test_update_name_success" time="0.120" /><testcase classname="test_12_gestion_rh.TestUpdateCollaboratorName" name="test_update_name_single_word" time="0.118" /><testcase classname="test_12_gestion_rh.TestUpdateCollaboratorName" name="test_update_name_missing_user_id" time="0.001" /><testcase classname="test_12_gestion_rh.TestUpdateCollaboratorName" name="test_update_name_missing_name" time="0.001" /><testcase classname="test_12_gestion_rh.TestUpdateCollaboratorName" name="test_update_name_user_not_found" time="0.002" /><testcase classname="test_12_gestion_rh.TestManagerAssignment" name="test_assign_manager_simple_global" time="0.119" /><testcase classname="test_12_gestion_rh.TestManagerAssignment" name="test_assign_manager_simple_remove" time="0.119" /><testcase classname="test_12_gestion_rh.TestManagerAssignment" name="test_assign_manager_simple_missing_user_id" time="0.001" /><testcase classname="test_12_gestion_rh.TestManagerAssignment" name="test_assign_manager_simple_user_not_found" time="0.002" /><testcase classname="test_12_gestion_rh.TestManagerAssignment" name="test_assign_manager_simple_by_role" time="0.126" /><testcase classname="test_12_gestion_rh.TestManagerAssignment" name="test_assign_manager_missing_params" time="0.001" /><testcase classname="test_12_gestion_rh.TestEntrepriseSettings" name="test_update_settings_redirects" time="0.004" /><testcase classname="test_12_gestion_rh.TestEntrepriseSettings" name="test_update_single_setting_success" time="0.005" /><testcase classname="test_12_gestion_rh.TestImportRoles" name="test_import_roles_valid_csv" time="0.011" /><testcase classname="test_12_gestion_rh.TestImportRoles" name="test_import_roles_empty_lines_ignored" time="0.003" /><testcase classname="test_12_gestion_rh.TestImportRoles" name="test_import_roles_non_csv_ignored" time="0.002" /><testcase classname="test_13_competences.TestCompetencesView" name="test_view_page_authenticated_returns_200" time="0.006" /><testcase classname="test_13_competences.TestCompetencesView" name="test_view_page_unauthenticated_no_crash" time="0.002" /><testcase classname="test_13_competences.TestCompetencesView" name="test_view_page_contains_html" time="0.002" /><testcase classname="test_13_competences.TestCurrentUserManager" name="test_current_user_manager_not_found_in_test_db" time="0.006" /><testcase classname="test_13_competences.TestManagersAPI" name="test_get_managers_no_manager_role_returns_empty" time="0.002" /><testcase classname="test_13_competences.TestManagersAPI" name="test_get_managers_with_manager_role_returns_users" time="0.130" /><testcase classname="test_13_competences.TestManagersAPI" name="test_get_managers_response_has_id_and_name_fields" time="0.124" /><testcase classname="test_13_competences.TestCollaboratorsAPI" name="test_get_collaborators_empty_returns_list" time="0.003" /><testcase classname="test_13_competences.TestCollaboratorsAPI" name="test_get_collaborators_nonexistent_manager_returns_empty" time="0.002" /><testcase classname="test_13_competences.TestCollaboratorsAPI" name="test_get_collaborators_with_subordinate" time="0.120" /><testcase classname="test_13_competences.TestUserRolesAPI" name="test_get_user_roles_empty" time="0.119" /><testcase classname="test_13_competences.TestUserRolesAPI" name="test_get_user_roles_with_assigned_role" time="0.123" /><testcase classname="test_13_competences.TestUserRolesAPI" name="test_get_user_roles_fields" time="0.122" /><testcase classname="test_13_competences.TestSaveEvaluations" name="test_save_missing_user_id_returns_400" time="0.001" /><testcase classname="test_13_competences.TestSaveEvaluations" name="test_save_missing_evaluations_returns_400" time="0.001" /><testcase classname="test_13_competences.TestSaveEvaluations" name="test_save_evaluation_creates_record" time="0.125" /><testcase classname="test_13_competences.TestSaveEvaluations" name="test_save_evaluation_updates_existing" time="0.300" /><testcase classname="test_13_competences.TestSaveEvaluations" name="test_save_evaluation_empty_note_deletes_record" time="0.116" /><testcase classname="test_13_competences.TestSaveEvaluations" name="test_save_evaluation_skips_missing_activity_id" time="0.113" /><testcase classname="test_13_competences.TestSaveEvaluations" name="test_save_evaluation_empty_note_no_existing_record_is_noop" time="0.116" /><testcase classname="test_13_competences.TestGetEvaluationsByUser" name="test_get_evaluations_empty_user_returns_list" time="0.118" /><testcase classname="test_13_competences.TestGetEvaluationsByUser" name="test_get_evaluations_returns_created_eval" time="0.119" /><testcase classname="test_13_competences.TestGetEvaluationsByUser" name="test_get_evaluations_fields_present" time="0.118" /><testcase classname="test_13_competences.TestRoleStructure" name="test_role_structure_user_not_found_returns_404" time="0.002" /><testcase classname="test_13_competences.TestRoleStructure" name="test_role_structure_role_not_found_returns_404" time="0.002" /><testcase classname="test_13_competences.TestRoleStructure" name="test_role_structure_valid_returns_json" time="0.010" /><testcase classname="test_13_competences.TestRoleStructure" name="test_role_structure_with_activity_includes_competency_data" time="0.011" /><testcase classname="test_13_competences.TestRoleStructure" name="test_role_structure_synthese_contains_evals" time="0.011" /><testcase classname="test_13_competences.TestGlobalSummary" name="test_global_summary_user_not_found_returns_404" time="0.002" /><testcase classname="test_13_competences.TestGlobalSummary" name="test_global_summary_valid_user_returns_200" time="0.004" /><testcase classname="test_13_competences.TestGlobalSummary" name="test_global_summary_contains_user_name" time="0.003" /><testcase classname="test_13_competences.TestGlobalSummary" name="test_global_summary_with_role_and_activity" time="0.011" /><testcase classname="test_13_competences.TestGlobalFlatSummary" name="test_flat_summary_user_not_found_returns_404" time="0.001" /><testcase classname="test_13_competences.TestGlobalFlatSummary" name="test_flat_summary_valid_user_returns_200" time="0.120" /><testcase classname="test_13_competences.TestGlobalFlatSummary" name="test_flat_summary_contains_user_info" time="0.122" /><testcase classname="test_13_competences.TestUsersGlobalSummary" name="test_users_global_summary_returns_200" time="0.011" /><testcase classname="test_13_competences.TestUsersGlobalSummary" name="test_users_global_summary_contains_table" time="0.003" /><testcase classname="test_13_competences.TestUsersGlobalSummary" name="test_users_global_summary_no_crash_with_data" time="0.124" /><testcase classname="test_13_competences.TestGeneralPerformance" name="test_general_performance_no_link_returns_empty_content" time="0.003" /><testcase classname="test_13_competences.TestGeneralPerformance" name="test_general_performance_nonexistent_activity_returns_empty" time="0.001" /><testcase classname="test_13_competences.TestGeneralPerformance" name="test_general_performance_with_link_and_performance" time="0.008" /><testcase classname="test_14_cartography_editor.TestCartographyNoAuth" name="test_viewer_returns_403" time="0.005" /><testcase classname="test_14_cartography_editor.TestCartographyNoAuth" name="test_editor_redirects_to_login" time="0.001" /><testcase classname="test_14_cartography_editor.TestCartographyNoAuth" name="test_api_save_returns_403" time="0.001" /><testcase classname="test_14_cartography_editor.TestCartographyNoAuth" name="test_api_load_returns_403" time="0.001" /><testcase classname="test_14_cartography_editor.TestCartographyNoAuth" name="test_api_list_returns_403" time="0.001" /><testcase classname="test_14_cartography_editor.TestCartographyNoAuth" name="test_api_delete_returns_403" time="0.001" /><testcase classname="test_14_cartography_editor.TestCartographyNoAuth" name="test_api_vsdx_returns_403" time="0.001" /><testcase classname="test_14_cartography_editor.TestCartographyNoAuth" name="test_api_save_diff_returns_403" time="0.001" /><testcase classname="test_14_cartography_editor.TestCartographyNoAuth" name="test_api_vsdx_compare_returns_403" time="0.001" /><testcase classname="test_14_cartography_editor.TestCartographyPages" name="test_editor_page_returns_200" time="0.036" /><testcase classname="test_14_cartography_editor.TestCartographyPages" name="test_viewer_page_returns_200" time="0.009" /><testcase classname="test_14_cartography_editor.TestCartographyPages" name="test_editor_page_contains_cartography_content" time="0.004" /><testcase classname="test_14_cartography_editor.TestCartoApiSave" name="test_save_empty_diagram_returns_ok" time="0.014" /><testcase classname="test_14_cartography_editor.TestCartoApiSave" name="test_save_returns_entity_name_in_response" time="0.006" /><testcase classname="test_14_cartography_editor.TestCartoApiSave" name="test_save_persists_json_to_db" time="0.006" /><testcase classname="test_14_cartography_editor.TestCartoApiSave" name="test_save_accepts_diagram_wrapper_format" time="0.006" /><testcase classname="test_14_cartography_editor.TestCartoApiSave" name="test_save_creates_activity_in_db" time="0.010" /><testcase classname="test_14_cartography_editor.TestCartoApiSave" name="test_save_creates_role_in_db" time="0.015" /><testcase classname="test_14_cartography_editor.TestCartoApiSave" name="test_save_creates_link_between_activities" time="0.019" /><testcase classname="test_14_cartography_editor.TestCartoApiSave" name="test_save_updates_activity_label_on_re_save" time="0.027" /><testcase classname="test_14_cartography_editor.TestCartoApiSave" name="test_save_removes_deleted_shape_from_db" time="0.031" /><testcase classname="test_14_cartography_editor.TestCartoApiSave" name="test_save_special_type_marked_as_result" time="0.009" /><testcase classname="test_14_cartography_editor.TestCartoApiLoad" name="test_load_returns_404_when_no_data" time="0.004" /><testcase classname="test_14_cartography_editor.TestCartoApiLoad" name="test_load_returns_stored_diagram" time="0.003" /><testcase classname="test_14_cartography_editor.TestCartoApiLoad" name="test_load_name_parameter_is_ignored" time="0.004" /><testcase classname="test_14_cartography_editor.TestCartoApiLoad" name="test_load_returns_full_diagram_structure" time="0.003" /><testcase classname="test_14_cartography_editor.TestCartoApiList" name="test_list_empty_when_no_carto_data" time="0.003" /><testcase classname="test_14_cartography_editor.TestCartoApiList" name="test_list_contains_one_entry_when_data_exists" time="0.003" /><testcase classname="test_14_cartography_editor.TestCartoApiList" name="test_list_entry_is_entity_name" time="0.003" /><testcase classname="test_14_cartography_editor.TestCartoApiDelete" name="test_delete_returns_ok" time="0.003" /><testcase classname="test_14_cartography_editor.TestCartoApiDelete" name="test_delete_clears_optiqcarto_data" time="0.004" /><testcase classname="test_14_cartography_editor.TestCartoApiDelete" name="test_delete_when_no_data_is_idempotent" time="0.003" /><testcase classname="test_14_cartography_editor.TestCartoApiSaveDiff" name="test_save_diff_empty_when_no_stored_carto" time="0.002" /><testcase classname="test_14_cartography_editor.TestCartoApiSaveDiff" name="test_save_diff_detects_removed_activity" time="0.016" /><testcase classname="test_14_cartography_editor.TestCartoApiSaveDiff" name="test_save_diff_detects_removed_role" time="0.015" /><testcase classname="test_14_cartography_editor.TestCartoApiSaveDiff" name="test_save_diff_no_removal_when_shapes_match" time="0.015" /><testcase classname="test_14_cartography_editor.TestCartoApiVsdx" name="test_vsdx_returns_404_when_no_file" time="0.003" /><testcase classname="test_14_cartography_editor.TestCartoApiVsdx" name="test_vsdx_compare_returns_404_when_no_carto" time="0.003" /><testcase classname="test_14_cartography_editor.TestCartoApiVsdx" name="test_vsdx_compare_returns_400_when_no_file_in_request" time="0.003" /><testcase classname="test_14_cartography_editor.TestCartoApiVsdx" name="test_vsdx_compare_returns_400_for_invalid_extension" time="0.005" /><testcase classname="test_15_activities_map.TestActivitiesMapPage" name="test_page_accessible_auth" time="0.038" /><testcase classname="test_15_activities_map.TestActivitiesMapPage" name="test_page_contains_entity_section" time="0.005" /><testcase classname="test_15_activities_map.TestActivitiesMapPage" name="test_page_unauthenticated_no_crash" time="0.003" /><testcase classname="test_15_activities_map.TestActivitiesMapPage" name="test_page_debug_files_auth" time="0.003" /><testcase classname="test_15_activities_map.TestActivitiesMapPage" name="test_update_cartography_route" time="0.001" /><testcase classname="test_15_activities_map.TestEntityAPIRead" name="test_list_entities_auth" time="0.003" /><testcase classname="test_15_activities_map.TestEntityAPIRead" name="test_list_entities_no_auth" time="0.001" /><testcase classname="test_15_activities_map.TestEntityAPIRead" name="test_entity_details_auth" time="0.006" /><testcase classname="test_15_activities_map.TestEntityAPIRead" name="test_entity_details_not_found" time="0.002" /><testcase classname="test_15_activities_map.TestEntityAPIRead" name="test_entity_details_no_auth" time="0.001" /><testcase classname="test_15_activities_map.TestEntityAPICreate" name="test_create_entity_ok" time="0.014" /><testcase classname="test_15_activities_map.TestEntityAPICreate" name="test_create_entity_missing_name" time="0.002" /><testcase classname="test_15_activities_map.TestEntityAPICreate" name="test_create_entity_empty_body" time="0.001" /><testcase classname="test_15_activities_map.TestEntityAPIMutations" name="test_activate_entity_ok" time="0.011" /><testcase classname="test_15_activities_map.TestEntityAPIMutations" name="test_activate_entity_not_found" time="0.002" /><testcase classname="test_15_activities_map.TestEntityAPIMutations" name="test_activate_entity_no_auth" time="0.001" /><testcase classname="test_15_activities_map.TestEntityAPIMutations" name="test_update_entity_name" time="0.009" /><testcase classname="test_15_activities_map.TestEntityAPIMutations" name="test_update_entity_not_found" time="0.002" /><testcase classname="test_15_activities_map.TestEntityAPIMutations" name="test_update_entity_no_auth" time="0.001" /><testcase classname="test_15_activities_map.TestEntityAPIMutations" name="test_delete_entity_ok" time="0.016" /><testcase classname="test_15_activities_map.TestEntityAPIMutations" name="test_delete_entity_not_found" time="0.002" /><testcase classname="test_15_activities_map.TestEntityAPIMutations" name="test_delete_entity_no_auth" time="0.001" /><testcase classname="test_15_activities_map.TestSVGServing" name="test_serve_svg_no_file_returns_404" time="0.003" /><testcase classname="test_15_activities_map.TestSVGServing" name="test_serve_svg_no_active_entity" time="0.001" /><testcase classname="test_15_activities_map.TestSVGServing" name="test_serve_entity_svg_not_found" time="0.002" /><testcase classname="test_15_activities_map.TestSVGServing" name="test_serve_entity_svg_no_svg" time="0.003" /><testcase classname="test_15_activities_map.TestSVGServing" name="test_serve_entity_svg_from_db" time="0.006" /><testcase classname="test_15_activities_map.TestConnectionAPI" name="test_list_connections_empty" time="0.005" /><testcase classname="test_15_activities_map.TestConnectionAPI" name="test_list_connections_with_data" time="0.005" /><testcase classname="test_15_activities_map.TestConnectionAPI" name="test_delete_connection_ok" time="0.006" /><testcase classname="test_15_activities_map.TestConnectionAPI" name="test_delete_connection_not_found" time="0.002" /><testcase classname="test_15_activities_map.TestConnectionAPI" name="test_clear_connections" time="0.005" /><testcase classname="test_15_activities_map.TestConnectionAPI" name="test_clear_connections_no_entity" time="0.001" /><testcase classname="test_15_activities_map.TestUploadCartography" name="test_upload_svg_ok" time="0.006" /><testcase classname="test_15_activities_map.TestUploadCartography" name="test_upload_wrong_extension" time="0.003" /><testcase classname="test_15_activities_map.TestUploadCartography" name="test_upload_mode_new_no_svg" time="0.003" /><testcase classname="test_15_activities_map.TestUploadCartography" name="test_upload_entity_not_found" time="0.003" /><testcase classname="test_15_activities_map.TestUploadCartography" name="test_upload_wrong_vsdx_extension" time="0.003" /><testcase classname="test_15_activities_map.TestResync" name="test_resync_no_svg" time="0.004" /><testcase classname="test_15_activities_map.TestResync" name="test_resync_no_entity" time="0.001" /><testcase classname="test_15_activities_map.TestCrossCartoMatches" name="test_cross_carto_no_auth" time="0.001" /><testcase classname="test_15_activities_map.TestCrossCartoMatches" name="test_cross_carto_auth_no_matches" time="0.002" /><testcase classname="test_15_activities_map.TestCrossCartoMatches" name="test_cross_carto_returns_list" time="0.002" /><testcase classname="test_15_activities_map.TestPreviewConnections" name="test_preview_no_file" time="0.002" /><testcase classname="test_15_activities_map.TestPreviewConnections" name="test_preview_wrong_extension" time="0.002" /><testcase classname="test_16_import_full.TestImportFullAnalyze" name="test_analyze_no_file_returns_400" time="0.001" /><testcase classname="test_16_import_full.TestImportFullAnalyze" name="test_analyze_empty_filename_returns_400" time="0.002" /><testcase classname="test_16_import_full.TestImportFullAnalyze" name="test_analyze_invalid_extension_pdf_returns_400" time="0.002" /><testcase classname="test_16_import_full.TestImportFullAnalyze" name="test_analyze_invalid_extension_csv_returns_400" time="0.002" /><testcase classname="test_16_import_full.TestImportFullAnalyze" name="test_analyze_empty_excel_no_keywords_returns_400" time="0.012" /><testcase classname="test_16_import_full.TestImportFullAnalyze" name="test_analyze_valid_xlsx_matched_activity" time="0.011" /><testcase classname="test_16_import_full.TestImportFullAnalyze" name="test_analyze_valid_xlsm_extension_accepted" time="0.010" /><testcase classname="test_16_import_full.TestImportFullAnalyze" name="test_analyze_valid_xls_extension_accepted" time="0.010" /><testcase classname="test_16_import_full.TestImportFullAnalyze" name="test_analyze_returns_db_activities_list" time="0.009" /><testcase classname="test_16_import_full.TestImportFullAnalyze" name="test_analyze_stats_matched_plus_unmatched_equals_total" time="0.010" /><testcase classname="test_16_import_full.TestImportFullAnalyze" name="test_analyze_stats_tasks_count_consistent" time="0.010" /><testcase classname="test_16_import_full.TestImportFullAnalyze" name="test_analyze_unknown_activity_goes_to_unmatched" time="0.010" /><testcase classname="test_16_import_full.TestImportFullAnalyze" name="test_analyze_matched_group_has_required_fields" time="0.009" /><testcase classname="test_16_import_full.TestImportFullAnalyze" name="test_analyze_analysis_notes_present" time="0.009" /><testcase classname="test_16_import_full.TestImportFullInject" name="test_inject_no_body_returns_400" time="0.001" /><testcase classname="test_16_import_full.TestImportFullInject" name="test_inject_empty_groups_returns_400" time="0.001" /><testcase classname="test_16_import_full.TestImportFullInject" name="test_inject_invalid_activity_id_skipped" time="0.002" /><testcase classname="test_16_import_full.TestImportFullInject" name="test_inject_valid_group_creates_task" time="0.013" /><testcase classname="test_16_import_full.TestImportFullInject" name="test_inject_creates_tool" time="0.013" /><testcase classname="test_16_import_full.TestImportFullInject" name="test_inject_creates_guarantor_role" time="0.012" /><testcase classname="test_16_import_full.TestImportFullInject" name="test_inject_creates_competency" time="0.011" /><testcase classname="test_16_import_full.TestImportFullInject" name="test_inject_duplicate_task_not_created_twice" time="0.012" /><testcase classname="test_16_import_full.TestImportFullInject" name="test_inject_response_has_status_ok" time="0.007" /><testcase classname="test_16_import_full.TestImportFullAnalyzeEdgeCases" name="test_analyze_no_entity_id_returns_400" time="0.007" /><testcase classname="test_16_import_full.TestImportFullAnalyzeEdgeCases" name="test_analyze_partial_inclusion_match_goes_to_unmatched" time="0.011" /><testcase classname="test_16_import_full.TestImportFullAnalyzeEdgeCases" name="test_analyze_unmatched_has_probable_reason_for_close_match" time="0.011" /><testcase classname="test_16_import_full.TestImportFullAnalyzeEdgeCases" name="test_analyze_multiple_activities_in_file" time="0.012" /><testcase classname="test_16_import_full.TestImportFullAnalyzeEdgeCases" name="test_analyze_merged_cell_rows_grouped_under_one_activity" time="0.010" /><testcase classname="test_16_import_full.TestImportFullInjectEdgeCases" name="test_inject_no_entity_id_returns_400" time="0.001" /><testcase classname="test_16_import_full.TestImportFullInjectEdgeCases" name="test_inject_with_doer_links_role_as_executant" time="0.015" /><testcase classname="test_16_import_full.TestImportFullInjectEdgeCases" name="test_inject_with_approver_links_role_as_approbateur" time="0.011" /><testcase classname="test_16_import_full.TestImportFullInjectEdgeCases" name="test_inject_doer_and_approver_create_two_task_roles" time="0.015" /><testcase classname="test_16_import_full.TestImportFullInjectEdgeCases" name="test_inject_multiple_groups_activities_updated_count" time="0.012" /><testcase classname="test_16_import_full.TestImportFullInjectEdgeCases" name="test_inject_empty_task_name_not_created" time="0.002" /><testcase classname="test_16_import_full.TestImportFullInjectEdgeCases" name="test_inject_empty_string_tool_not_created" time="0.007" /><testcase classname="test_16_import_full.TestImportFullInjectEdgeCases" name="test_inject_activity_cross_entity_skipped" time="0.013" /><testcase classname="test_16_import_full.TestImportFullInjectEdgeCases" name="test_inject_doer_role_reused_not_recreated" time="0.017" /><testcase classname="test_17_chatbot.TestChatbotContext" name="test_get_context_valid_activity_returns_200" time="0.008" /><testcase classname="test_17_chatbot.TestChatbotContext" name="test_get_context_invalid_activity_returns_404" time="0.001" /><testcase classname="test_17_chatbot.TestChatbotContext" name="test_get_context_contains_seeded_task" time="0.006" /><testcase classname="test_17_chatbot.TestChatbotContext" name="test_get_context_available_tools_is_list" time="0.006" /><testcase classname="test_17_chatbot.TestChatbotContext" name="test_get_context_optional_fields_present" time="0.006" /><testcase classname="test_17_chatbot.TestChatbotContext" name="test_get_context_description_present" time="0.006" /><testcase classname="test_17_chatbot.TestChatbotInject" name="test_inject_no_activity_id_returns_400" time="0.001" /><testcase classname="test_17_chatbot.TestChatbotInject" name="test_inject_invalid_activity_returns_404" time="0.001" /><testcase classname="test_17_chatbot.TestChatbotInject" name="test_inject_empty_tasks_returns_201_count_zero" time="0.002" /><testcase classname="test_17_chatbot.TestChatbotInject" name="test_inject_task_without_label_skipped" time="0.002" /><testcase classname="test_17_chatbot.TestChatbotInject" name="test_inject_whitespace_label_skipped" time="0.002" /><testcase classname="test_17_chatbot.TestChatbotInject" name="test_inject_valid_task_creates_it" time="0.006" /><testcase classname="test_17_chatbot.TestChatbotInject" name="test_inject_response_contains_task_id" time="0.006" /><testcase classname="test_17_chatbot.TestChatbotInject" name="test_inject_multiple_tasks_creates_all" time="0.009" /><testcase classname="test_17_chatbot.TestChatbotInject" name="test_inject_task_with_new_tool_creates_tool" time="0.012" /><testcase classname="test_17_chatbot.TestChatbotInject" name="test_inject_task_with_outgoing_link_creates_data_and_link" time="0.014" /><testcase classname="test_17_chatbot.TestChatbotInject" name="test_inject_outgoing_link_not_duplicated" time="0.017" /><testcase classname="test_17_chatbot.TestChatbotChat" name="test_chat_empty_message_returns_400" time="0.001" /><testcase classname="test_17_chatbot.TestChatbotChat" name="test_chat_whitespace_message_returns_400" time="0.001" /><testcase classname="test_17_chatbot.TestChatbotChat" name="test_chat_missing_message_field_returns_400" time="0.001" /><testcase classname="test_17_chatbot.TestChatbotChat" name="test_chat_with_message_returns_200_or_500" time="0.001" /><testcase classname="test_17_chatbot.TestChatbotChat" name="test_chat_mode_ameliorer_accepted" time="0.001" /><testcase classname="test_17_chatbot.TestChatbotChat" name="test_chat_error_response_has_error_key" time="0.001" /><testcase classname="test_18_gestion_compte.TestListUsers" name="test_list_users_accessible_with_auth" time="0.028" /><testcase classname="test_18_gestion_compte.TestListUsers" name="test_list_users_contains_html" time="0.005" /><testcase classname="test_18_gestion_compte.TestCreateUser" name="test_create_user_success_redirects" time="0.418" /><testcase classname="test_18_gestion_compte.TestCreateUser" name="test_create_user_with_age" time="0.413" /><testcase classname="test_18_gestion_compte.TestUpdateUser" name="test_update_user_get_returns_200" time="0.144" /><testcase classname="test_18_gestion_compte.TestUpdateUser" name="test_update_user_get_not_found_returns_404" time="0.003" /><testcase classname="test_18_gestion_compte.TestUpdateUser" name="test_update_user_post_success_redirects" time="0.128" /><testcase classname="test_18_gestion_compte.TestUpdateUser" name="test_update_user_post_changes_password" time="0.526" /><testcase classname="test_18_gestion_compte.TestUpdateUser" name="test_update_user_not_found_returns_404" time="0.007" /><testcase classname="test_18_gestion_compte.TestDeleteUser" name="test_delete_user_success_redirects" time="0.120" /><testcase classname="test_18_gestion_compte.TestDeleteUser" name="test_delete_user_not_found_returns_error" time="0.003" /><testcase classname="test_18_gestion_compte.TestDeleteUser" name="test_delete_user_removes_from_db" time="0.117" /><testcase classname="test_18_gestion_compte.TestGetAllUsers" name="test_get_all_users_returns_list" time="0.002" /><testcase classname="test_18_gestion_compte.TestGetAllUsers" name="test_get_all_users_fields" time="0.117" /><testcase classname="test_18_gestion_compte.TestGetManagers" name="test_get_managers_returns_list" time="0.004" /><testcase classname="test_18_gestion_compte.TestAssignManager" name="test_assign_manager_single_user" time="0.231" /><testcase classname="test_18_gestion_compte.TestAssignManager" name="test_assign_manager_multi_select" time="0.342" /><testcase classname="test_18_gestion_compte.TestGetSubordinates" name="test_get_subordinates_valid_manager" time="0.136" /><testcase classname="test_18_gestion_compte.TestGetSubordinates" name="test_get_subordinates_not_found_returns_404" time="0.002" /><testcase classname="test_18_gestion_compte.TestGetSubordinates" name="test_get_subordinates_reflects_assigned" time="0.226" /><testcase classname="test_18_gestion_compte.TestRemoveCollaborator" name="test_remove_collaborator_clears_manager" time="0.235" /><testcase classname="test_18_gestion_compte.TestImportExcel" name="test_import_excel_no_data_returns_400" time="0.002" /><testcase classname="test_18_gestion_compte.TestImportExcel" name="test_import_excel_duplicate_email_reports_error" time="0.003" /><testcase classname="test_18_gestion_compte.TestImportExcel" name="test_import_excel_unknown_role_reports_error" time="0.003" /><testcase classname="test_18_gestion_compte.TestImportExcel" name="test_import_excel_valid_user_no_role_creates_user" time="0.404" /><testcase classname="test_18_gestion_compte.TestImportExcel" name="test_import_excel_with_valid_role_creates_user" time="0.417" /><testcase classname="test_18_gestion_compte.TestImportExcel" name="test_import_excel_response_fields" time="0.002" /><testcase classname="test_19_savoirs.TestAddSavoir" name="test_add_savoir_valid_returns_201" time="0.006" /><testcase classname="test_19_savoirs.TestAddSavoir" name="test_add_savoir_missing_description_returns_400" time="0.001" /><testcase classname="test_19_savoirs.TestAddSavoir" name="test_add_savoir_empty_description_returns_400" time="0.001" /><testcase classname="test_19_savoirs.TestAddSavoir" name="test_add_savoir_missing_activity_id_returns_400" time="0.001" /><testcase classname="test_19_savoirs.TestAddSavoir" name="test_add_savoir_invalid_activity_returns_404" time="0.002" /><testcase classname="test_19_savoirs.TestAddSavoir" name="test_add_savoir_response_has_id_and_description" time="0.004" /><testcase classname="test_19_savoirs.TestAddSavoir" name="test_add_savoir_persists_in_db" time="0.005" /><testcase classname="test_19_savoirs.TestAddSavoir" name="test_add_savoir_empty_json_body_returns_400" time="0.001" /><testcase classname="test_19_savoirs.TestUpdateSavoir" name="test_update_savoir_valid_returns_200" time="0.007" /><testcase classname="test_19_savoirs.TestUpdateSavoir" name="test_update_savoir_persists_change" time="0.006" /><testcase classname="test_19_savoirs.TestUpdateSavoir" name="test_update_savoir_empty_description_returns_400" time="0.004" /><testcase classname="test_19_savoirs.TestUpdateSavoir" name="test_update_savoir_wrong_savoir_id_returns_404" time="0.002" /><testcase classname="test_19_savoirs.TestUpdateSavoir" name="test_update_savoir_wrong_activity_id_returns_404" time="0.007" /><testcase classname="test_19_savoirs.TestUpdateSavoir" name="test_update_savoir_whitespace_only_returns_400" time="0.004" /><testcase classname="test_19_savoirs.TestDeleteSavoir" name="test_delete_savoir_valid_returns_200" time="0.005" /><testcase classname="test_19_savoirs.TestDeleteSavoir" name="test_delete_savoir_removes_from_db" time="0.005" /><testcase classname="test_19_savoirs.TestDeleteSavoir" name="test_delete_savoir_not_found_returns_404" time="0.002" /><testcase classname="test_19_savoirs.TestDeleteSavoir" name="test_delete_savoir_wrong_activity_returns_404" time="0.004" /><testcase classname="test_19_savoirs.TestDeleteSavoir" name="test_delete_savoir_idempotent_returns_404_on_second_call" time="0.005" /><testcase classname="test_19_savoirs.TestRenderSavoirs" name="test_render_savoirs_valid_activity_returns_200" time="0.002" /><testcase classname="test_19_savoirs.TestRenderSavoirs" name="test_render_savoirs_invalid_activity_returns_404" time="0.002" /><testcase classname="test_19_savoirs.TestRenderSavoirs" name="test_render_savoirs_contains_seeded_content" time="0.006" /><testcase classname="test_20_savoir_faires.TestAddSavoirFaireUnique" name="test_add_sf_valid_returns_201" time="0.005" /><testcase classname="test_20_savoir_faires.TestAddSavoirFaireUnique" name="test_add_sf_missing_description_returns_400" time="0.002" /><testcase classname="test_20_savoir_faires.TestAddSavoirFaireUnique" name="test_add_sf_empty_description_returns_400" time="0.002" /><testcase classname="test_20_savoir_faires.TestAddSavoirFaireUnique" name="test_add_sf_missing_activity_id_returns_400" time="0.001" /><testcase classname="test_20_savoir_faires.TestAddSavoirFaireUnique" name="test_add_sf_invalid_activity_returns_404" time="0.002" /><testcase classname="test_20_savoir_faires.TestAddSavoirFaireUnique" name="test_add_sf_persists_in_db" time="0.005" /><testcase classname="test_20_savoir_faires.TestAddSavoirFaireUnique" name="test_add_sf_response_has_id_and_description" time="0.004" /><testcase classname="test_20_savoir_faires.TestAddSavoirFairesBatch" name="test_add_sf_batch_valid_returns_201" time="0.006" /><testcase classname="test_20_savoir_faires.TestAddSavoirFairesBatch" name="test_add_sf_batch_empty_list_returns_201_count_zero" time="0.002" /><testcase classname="test_20_savoir_faires.TestAddSavoirFairesBatch" name="test_add_sf_batch_skips_empty_strings" time="0.002" /><testcase classname="test_20_savoir_faires.TestAddSavoirFairesBatch" name="test_add_sf_batch_mixed_valid_and_empty" time="0.006" /><testcase classname="test_20_savoir_faires.TestAddSavoirFairesBatch" name="test_add_sf_batch_invalid_activity_returns_404" time="0.002" /><testcase classname="test_20_savoir_faires.TestAddSavoirFairesBatch" name="test_add_sf_batch_items_have_id_and_description" time="0.004" /><testcase classname="test_20_savoir_faires.TestUpdateSavoirFaire" name="test_update_sf_valid_returns_200" time="0.006" /><testcase classname="test_20_savoir_faires.TestUpdateSavoirFaire" name="test_update_sf_persists_change" time="0.006" /><testcase classname="test_20_savoir_faires.TestUpdateSavoirFaire" name="test_update_sf_empty_description_returns_400" time="0.004" /><testcase classname="test_20_savoir_faires.TestUpdateSavoirFaire" name="test_update_sf_whitespace_description_returns_400" time="0.004" /><testcase classname="test_20_savoir_faires.TestUpdateSavoirFaire" name="test_update_sf_wrong_sf_id_returns_404" time="0.002" /><testcase classname="test_20_savoir_faires.TestUpdateSavoirFaire" name="test_update_sf_wrong_activity_id_returns_404" time="0.004" /><testcase classname="test_20_savoir_faires.TestDeleteSavoirFaire" name="test_delete_sf_valid_returns_200" time="0.004" /><testcase classname="test_20_savoir_faires.TestDeleteSavoirFaire" name="test_delete_sf_removes_from_db" time="0.004" /><testcase classname="test_20_savoir_faires.TestDeleteSavoirFaire" name="test_delete_sf_not_found_returns_404" time="0.002" /><testcase classname="test_20_savoir_faires.TestDeleteSavoirFaire" name="test_delete_sf_wrong_activity_returns_404" time="0.004" /><testcase classname="test_20_savoir_faires.TestDeleteSavoirFaire" name="test_delete_sf_idempotent_returns_404_on_second_call" time="0.005" /><testcase classname="test_20_savoir_faires.TestRenderSavoirFaires" name="test_render_sf_valid_activity_returns_200" time="0.003" /><testcase classname="test_20_savoir_faires.TestRenderSavoirFaires" name="test_render_sf_invalid_activity_returns_404" time="0.002" /><testcase classname="test_20_savoir_faires.TestRenderSavoirFaires" name="test_render_sf_contains_created_sf" time="0.005" /><testcase classname="test_21_export.TestFileUpload" name="test_upload_valid_file_returns_201" time="0.006" /><testcase classname="test_21_export.TestFileUpload" name="test_upload_binary_file_returns_201" time="0.003" /><testcase classname="test_21_export.TestFileUpload" name="test_upload_no_file_returns_400" time="0.002" /><testcase classname="test_21_export.TestFileUpload" name="test_upload_empty_filename_returns_400" time="0.002" /><testcase classname="test_21_export.TestFileUpload" name="test_upload_persists_in_db" time="0.004" /><testcase classname="test_21_export.TestFileServeDB" name="test_serve_existing_file_returns_content" time="0.003" /><testcase classname="test_21_export.TestFileServeDB" name="test_serve_file_has_correct_mimetype" time="0.003" /><testcase classname="test_21_export.TestFileServeDB" name="test_serve_nonexistent_file_returns_404" time="0.001" /><testcase classname="test_21_export.TestServeFile" name="test_serve_file_no_path_returns_400" time="0.001" /><testcase classname="test_21_export.TestServeFile" name="test_serve_file_db_path_returns_content" time="0.003" /><testcase classname="test_21_export.TestServeFile" name="test_serve_file_db_path_invalid_id_returns_404" time="0.001" /><testcase classname="test_21_export.TestServeFile" name="test_serve_file_db_path_missing_blob_returns_404" time="0.002" /><testcase classname="test_21_export.TestServeFile" name="test_serve_file_local_nonexistent_returns_404" time="0.001" /><testcase classname="test_21_export.TestExportEntity" name="test_export_no_entity_id_returns_400" time="0.001" /><testcase classname="test_21_export.TestExportEntity" name="test_export_invalid_entity_id_returns_404" time="0.002" /><testcase classname="test_21_export.TestExportEntity" name="test_export_excel_default_returns_200" time="0.023" /><testcase classname="test_21_export.TestExportEntity" name="test_export_excel_is_valid_xlsx" time="0.019" /><testcase classname="test_21_export.TestExportEntity" name="test_export_html_returns_200" time="0.004" /><testcase classname="test_21_export.TestExportEntity" name="test_export_html_contains_entity_name" time="0.003" /><testcase classname="test_21_export.TestExportEntity" name="test_export_html_has_required_sections" time="0.003" /><testcase classname="test_21_export.TestExportEntity" name="test_export_with_role_id_returns_200" time="0.027" /><testcase classname="test_21_export.TestExportEntity" name="test_export_with_invalid_role_id_falls_back_to_empty" time="0.018" /><testcase classname="test_21_export.TestExportEntity" name="test_export_html_attachment_disposition" time="0.003" /><testcase classname="test_21_export.TestExportEntity" name="test_export_excel_attachment_disposition" time="0.020" /><testcase classname="test_22_propose_ia.TestProposeSavoirs" name="test_fallback_no_openai_key_returns_200" time="0.002" /><testcase classname="test_22_propose_ia.TestProposeSavoirs" name="test_fallback_source_field_present" time="0.002" /><testcase classname="test_22_propose_ia.TestProposeSavoirs" name="test_empty_body_no_crash" time="0.002" /><testcase classname="test_22_propose_ia.TestProposeSavoirs" name="test_proposals_are_non_empty_strings" time="0.002" /><testcase classname="test_22_propose_ia.TestProposeSavoirs" name="test_with_savoir_faires_context" time="0.002" /><testcase classname="test_22_propose_ia.TestProposeSavoirs" name="test_fallback_returns_at_least_three_proposals" time="0.002" /><testcase classname="test_22_propose_ia.TestProposeSavoirs" name="test_with_openai_key_success_returns_parsed_lines" time="0.002" /><testcase classname="test_22_propose_ia.TestProposeSavoirs" name="test_with_openai_key_english_lang_success" time="0.003" /><testcase classname="test_22_propose_ia.TestProposeSavoirs" name="test_with_openai_key_exception_returns_fallback_error_fr" time="0.003" /><testcase classname="test_22_propose_ia.TestProposeSavoirs" name="test_with_openai_key_exception_returns_fallback_error_en" time="0.003" /><testcase classname="test_22_propose_ia.TestProposeSavoirFaires" name="test_fallback_returns_200_with_proposals" time="0.002" /><testcase classname="test_22_propose_ia.TestProposeSavoirFaires" name="test_proposals_are_strings" time="0.002" /><testcase classname="test_22_propose_ia.TestProposeSavoirFaires" name="test_source_field_present" time="0.002" /><testcase classname="test_22_propose_ia.TestProposeSavoirFaires" name="test_with_full_activity_context" time="0.002" /><testcase classname="test_22_propose_ia.TestProposeSavoirFaires" name="test_fallback_at_least_three_items" time="0.002" /><testcase classname="test_22_propose_ia.TestProposeSavoirFaires" name="test_with_openai_key_success_returns_parsed_lines" time="0.002" /><testcase classname="test_22_propose_ia.TestProposeSavoirFaires" name="test_with_openai_key_english_lang_success" time="0.002" /><testcase classname="test_22_propose_ia.TestProposeSavoirFaires" name="test_with_openai_key_exception_returns_fallback_error_fr" time="0.003" /><testcase classname="test_22_propose_ia.TestProposeSavoirFaires" name="test_with_openai_key_exception_returns_fallback_error_en" time="0.003" /><testcase classname="test_22_propose_ia.TestProposeSoftskills" name="test_fallback_returns_200_with_proposals" time="0.002" /><testcase classname="test_22_propose_ia.TestProposeSoftskills" name="test_proposals_have_habilete_field" time="0.002" /><testcase classname="test_22_propose_ia.TestProposeSoftskills" name="test_proposals_have_niveau_field" time="0.002" /><testcase classname="test_22_propose_ia.TestProposeSoftskills" name="test_proposals_have_justification_field" time="0.002" /><testcase classname="test_22_propose_ia.TestProposeSoftskills" name="test_source_field_in_fallback" time="0.002" /><testcase classname="test_22_propose_ia.TestProposeSoftskills" name="test_with_tasks_and_constraints" time="0.002" /><testcase classname="test_22_propose_ia.TestProposeSoftskills" name="test_with_openai_key_valid_json_array_success" time="0.002" /><testcase classname="test_22_propose_ia.TestProposeSoftskills" name="test_with_openai_key_single_dict_response_is_wrapped" time="0.002" /><testcase classname="test_22_propose_ia.TestProposeSoftskills" name="test_with_openai_key_english_lang_success" time="0.002" /><testcase classname="test_22_propose_ia.TestProposeSoftskills" name="test_with_openai_key_invalid_json_falls_back_to_text_lines" time="0.003" /><testcase classname="test_22_propose_ia.TestProposeSoftskills" name="test_with_openai_key_empty_json_array_uses_default_entry" time="0.002" /><testcase classname="test_22_propose_ia.TestProposeSoftskills" name="test_with_openai_key_unknown_niveau_uses_default_level" time="0.002" /><testcase classname="test_22_propose_ia.TestProposeSoftskills" name="test_with_openai_key_exception_returns_fallback_error_fr" time="0.003" /><testcase classname="test_22_propose_ia.TestProposeSoftskills" name="test_with_openai_key_exception_returns_fallback_error_en" time="0.003" /><testcase classname="test_22_propose_ia.TestProposeSoftskills" name="test_with_openai_key_unclosed_bracket_falls_back_to_text_lines" time="0.002" /><testcase classname="test_22_propose_ia.TestProposeSoftskills" name="test_with_openai_key_plain_string_tasks_and_constraints" time="0.002" /><testcase classname="test_22_propose_ia.TestProposeSoftskills" name="test_with_openai_key_empty_result_english_uses_default_entry" time="0.002" /><testcase classname="test_22_propose_ia.TestProposeAptitudes" name="test_propose_returns_200_fallback" time="0.002" /><testcase classname="test_22_propose_ia.TestProposeAptitudes" name="test_propose_source_field_present" time="0.002" /><testcase classname="test_22_propose_ia.TestProposeAptitudes" name="test_propose_empty_body_no_crash" time="0.002" /><testcase classname="test_22_propose_ia.TestProposeAptitudes" name="test_propose_full_payload_no_crash" time="0.002" /><testcase classname="test_22_propose_ia.TestProposeAptitudes" name="test_feasibility_returns_200_fallback" time="0.002" /><testcase classname="test_22_propose_ia.TestProposeAptitudes" name="test_feasibility_empty_body_no_crash" time="0.002" /><testcase classname="test_22_propose_ia.TestProposeAptitudes" name="test_feasibility_source_field_present" time="0.002" /><testcase classname="test_22_propose_ia.TestProposeAptitudes" name="test_feasibility_with_assistive_list" time="0.002" /><testcase classname="test_22_propose_ia.TestProposeAptitudes" name="test_propose_with_openai_key_success_full_payload" time="0.002" /><testcase classname="test_22_propose_ia.TestProposeAptitudes" name="test_propose_with_openai_key_empty_payload_uses_defaults" time="0.002" /><testcase classname="test_22_propose_ia.TestProposeAptitudes" name="test_propose_with_openai_key_english_lang_success" time="0.002" /><testcase classname="test_22_propose_ia.TestProposeAptitudes" name="test_propose_with_openai_key_invalid_json_returns_error" time="0.002" /><testcase classname="test_22_propose_ia.TestProposeAptitudes" name="test_propose_with_openai_key_exception_returns_error" time="0.002" /><testcase classname="test_22_propose_ia.TestProposeAptitudes" name="test_propose_with_openai_key_no_brackets_returns_error" time="0.002" /><testcase classname="test_22_propose_ia.TestProposeAptitudes" name="test_propose_with_openai_key_bare_array_response" time="0.002" /><testcase classname="test_22_propose_ia.TestProposeAptitudes" name="test_feasibility_with_openai_key_success_full_payload" time="0.002" /><testcase classname="test_22_propose_ia.TestProposeAptitudes" name="test_feasibility_with_openai_key_no_assistive_products_default_text" time="0.002" /><testcase classname="test_22_propose_ia.TestProposeAptitudes" name="test_feasibility_with_openai_key_non_list_assistive_products" time="0.002" /><testcase classname="test_22_propose_ia.TestProposeAptitudes" name="test_feasibility_with_openai_key_english_lang_success" time="0.002" /><testcase classname="test_22_propose_ia.TestProposeAptitudes" name="test_feasibility_with_openai_key_invalid_json_returns_error" time="0.002" /><testcase classname="test_22_propose_ia.TestProposeAptitudes" name="test_feasibility_with_openai_key_exception_returns_error" time="0.002" /><testcase classname="test_22_propose_ia.TestSkillsPropose" name="test_no_tasks_returns_400" time="0.001" /><testcase classname="test_22_propose_ia.TestSkillsPropose" name="test_empty_tasks_list_returns_400" time="0.002" /><testcase classname="test_22_propose_ia.TestSkillsPropose" name="test_whitespace_only_tasks_returns_400" time="0.001" /><testcase classname="test_22_propose_ia.TestSkillsPropose" name="test_with_tasks_no_key_returns_500" time="0.001" /><testcase classname="test_22_propose_ia.TestSkillsPropose" name="test_empty_body_returns_400" time="0.001" /><testcase classname="test_22_propose_ia.TestSkillsCRUD" name="test_add_competency_success_returns_201" time="0.006" /><testcase classname="test_22_propose_ia.TestSkillsCRUD" name="test_add_competency_response_has_description" time="0.004" /><testcase classname="test_22_propose_ia.TestSkillsCRUD" name="test_add_missing_activity_id_returns_400" time="0.001" /><testcase classname="test_22_propose_ia.TestSkillsCRUD" name="test_add_empty_description_returns_400" time="0.001" /><testcase classname="test_22_propose_ia.TestSkillsCRUD" name="test_add_empty_body_returns_400" time="0.001" /><testcase classname="test_22_propose_ia.TestSkillsCRUD" name="test_update_competency_success" time="0.006" /><testcase classname="test_22_propose_ia.TestSkillsCRUD" name="test_update_response_has_id_and_description" time="0.005" /><testcase classname="test_22_propose_ia.TestSkillsCRUD" name="test_update_empty_description_returns_400" time="0.004" /><testcase classname="test_22_propose_ia.TestSkillsCRUD" name="test_update_nonexistent_returns_404" time="0.001" /><testcase classname="test_22_propose_ia.TestSkillsCRUD" name="test_delete_competency_success" time="0.003" /><testcase classname="test_22_propose_ia.TestSkillsCRUD" name="test_delete_response_has_message" time="0.004" /><testcase classname="test_22_propose_ia.TestSkillsCRUD" name="test_delete_nonexistent_returns_404" time="0.002" /><testcase classname="test_22_propose_ia.TestSkillsCRUD" name="test_delete_removes_from_db" time="0.004" /><testcase classname="test_22_propose_ia.TestActivityItemsAPI" name="test_returns_200_for_existing_activity" time="0.002" /><testcase classname="test_22_propose_ia.TestActivityItemsAPI" name="test_response_has_savoirs_key" time="0.001" /><testcase classname="test_22_propose_ia.TestActivityItemsAPI" name="test_response_has_savoir_faire_key" time="0.001" /><testcase classname="test_22_propose_ia.TestActivityItemsAPI" name="test_response_has_hsc_key" time="0.001" /><testcase classname="test_22_propose_ia.TestActivityItemsAPI" name="test_all_values_are_lists" time="0.001" /><testcase classname="test_22_propose_ia.TestActivityItemsAPI" name="test_nonexistent_activity_returns_empty_lists" time="0.001" /><testcase classname="test_22_propose_ia.TestActivityItemsAPI" name="test_seeded_savoir_appears_in_response" time="0.005" /><testcase classname="test_22_propose_ia.TestActivityItemsAPI" name="test_items_have_id_and_name_fields" time="0.004" /><testcase classname="test_23_performance_perso.TestListPerf" name="test_list_returns_200_and_array" time="0.003" /><testcase classname="test_23_performance_perso.TestListPerf" name="test_list_filter_by_user_id" time="0.008" /><testcase classname="test_23_performance_perso.TestListPerf" name="test_list_filter_by_activity_id" time="0.002" /><testcase classname="test_23_performance_perso.TestListPerf" name="test_list_unknown_user_returns_empty_array" time="0.002" /><testcase classname="test_23_performance_perso.TestListPerf" name="test_list_excludes_soft_deleted" time="0.007" /><testcase classname="test_23_performance_perso.TestCreatePerf" name="test_create_returns_201_or_200_with_item" time="0.003" /><testcase classname="test_23_performance_perso.TestCreatePerf" name="test_create_default_status_non_validee" time="0.003" /><testcase classname="test_23_performance_perso.TestCreatePerf" name="test_create_status_validee_normalisation" time="0.003" /><testcase classname="test_23_performance_perso.TestCreatePerf" name="test_create_status_true_maps_to_validee" time="0.003" /><testcase classname="test_23_performance_perso.TestCreatePerf" name="test_create_missing_user_id_returns_400" time="0.001" /><testcase classname="test_23_performance_perso.TestCreatePerf" name="test_create_missing_activity_id_returns_400" time="0.001" /><testcase classname="test_23_performance_perso.TestCreatePerf" name="test_create_empty_content_returns_400" time="0.001" /><testcase classname="test_23_performance_perso.TestCreatePerf" name="test_create_accepts_contenu_alias" time="0.003" /><testcase classname="test_23_performance_perso.TestCreatePerf" name="test_create_item_appears_in_list" time="0.004" /><testcase classname="test_23_performance_perso.TestUpdatePerf" name="test_update_content_returns_200" time="0.006" /><testcase classname="test_23_performance_perso.TestUpdatePerf" name="test_update_validation_status" time="0.005" /><testcase classname="test_23_performance_perso.TestUpdatePerf" name="test_update_no_change_returns_ok" time="0.004" /><testcase classname="test_23_performance_perso.TestUpdatePerf" name="test_update_nonexistent_returns_404" time="0.002" /><testcase classname="test_23_performance_perso.TestUpdatePerf" name="test_update_contenu_alias" time="0.005" /><testcase classname="test_23_performance_perso.TestDeletePerf" name="test_delete_soft_returns_200_ok" time="0.004" /><testcase classname="test_23_performance_perso.TestDeletePerf" name="test_delete_nonexistent_returns_404" time="0.002" /><testcase classname="test_23_performance_perso.TestDeletePerf" name="test_delete_marks_deleted_flag" time="0.005" /><testcase classname="test_23_performance_perso.TestHistoryPerf" name="test_history_list_returns_200" time="0.004" /><testcase classname="test_23_performance_perso.TestHistoryPerf" name="test_history_create_event_recorded" time="0.003" /><testcase classname="test_23_performance_perso.TestHistoryPerf" name="test_history_update_event_recorded" time="0.006" /><testcase classname="test_23_performance_perso.TestHistoryPerf" name="test_history_delete_event_recorded" time="0.005" /><testcase classname="test_23_performance_perso.TestHistoryPerf" name="test_history_by_perf_id_returns_performance_id" time="0.003" /><testcase classname="test_23_performance_perso.TestHistoryPerf" name="test_history_unknown_perf_id_returns_empty" time="0.001" /><testcase classname="test_23_performance_perso.TestHistoryPerf" name="test_history_delete_purges_records" time="0.006" /><testcase classname="test_24_roles_view.TestRolesViewPage" name="test_page_returns_200_when_authenticated" time="0.036" /><testcase classname="test_24_roles_view.TestRolesViewPage" name="test_page_returns_html_content" time="0.005" /><testcase classname="test_24_roles_view.TestRolesViewPage" name="test_page_without_auth_returns_redirect_or_200" time="0.005" /><testcase classname="test_24_roles_view.TestRolesViewPage" name="test_page_with_existing_role_returns_200" time="0.009" /><testcase classname="test_24_roles_view.TestRolesViewPage" name="test_page_content_is_not_empty" time="0.006" /><testcase classname="test_24_roles_view.TestUpdateRoleMission" name="test_update_mission_returns_ok_true" time="0.004" /><testcase classname="test_24_roles_view.TestUpdateRoleMission" name="test_update_mission_response_contains_role_id" time="0.004" /><testcase classname="test_24_roles_view.TestUpdateRoleMission" name="test_update_mission_requires_auth" time="0.004" /><testcase classname="test_24_roles_view.TestUpdateRoleMission" name="test_update_mission_persists_in_db" time="0.004" /><testcase classname="test_24_roles_view.TestUpdateRoleMission" name="test_update_mission_empty_string_accepted" time="0.006" /><testcase classname="test_24_roles_view.TestUpdateRoleMission" name="test_update_mission_missing_key_defaults_to_empty" time="0.004" /><testcase classname="test_24_roles_view.TestUpdateRoleMission" name="test_update_mission_nonexistent_role_returns_ok" time="0.001" /><testcase classname="test_24_roles_view.TestUpdateRoleMission" name="test_update_mission_overwrites_previous_value" time="0.005" /><testcase classname="test_24_roles_view.TestValidationLevel" name="test_returns_200_json" time="0.002" /><testcase classname="test_24_roles_view.TestValidationLevel" name="test_response_has_level_key" time="0.001" /><testcase classname="test_24_roles_view.TestValidationLevel" name="test_level_is_null_when_no_validation_table" time="0.001" /><testcase classname="test_24_roles_view.TestValidationLevel" name="test_unknown_user_and_role_returns_null" time="0.001" /><testcase classname="test_24_roles_view.TestActivityItemsAPI" name="test_returns_200_for_known_activity" time="0.002" /><testcase classname="test_24_roles_view.TestActivityItemsAPI" name="test_response_has_three_keys" time="0.001" /><testcase classname="test_24_roles_view.TestActivityItemsAPI" name="test_all_values_are_lists" time="0.001" /><testcase classname="test_24_roles_view.TestActivityItemsAPI" name="test_unknown_activity_returns_empty_lists" time="0.001" /><testcase classname="test_24_roles_view.TestActivityItemsAPI" name="test_savoir_item_has_id_and_name" time="0.003" /><testcase classname="test_24_roles_view.TestActivityItemsAPI" name="test_savoir_faire_item_has_id_and_name" time="0.003" /><testcase classname="test_24_roles_view.TestActivityItemsAPI" name="test_softskill_hsc_item_has_id_and_name" time="0.002" /><testcase classname="test_24_roles_view.TestActivityItemsAPI" name="test_hsc_name_includes_niveau_in_parens" time="0.002" /><testcase classname="test_24_roles_view" name="test_un_garant_en_minuscule_est_bien_liste" time="0.022" /><testcase classname="test_24_roles_view" name="test_la_carto_ecrit_le_statut_garant_capitalise" time="0.027" /><testcase classname="test_25_competences_plan.TestSavePrequis" name="test_save_prerequis_returns_ok" time="0.007" /><testcase classname="test_25_competences_plan.TestSavePrequis" name="test_save_prerequis_with_comments" time="0.003" /><testcase classname="test_25_competences_plan.TestSavePrequis" name="test_save_prerequis_multiple_comments" time="0.003" /><testcase classname="test_25_competences_plan.TestSavePrequis" name="test_save_prerequis_replaces_previous" time="0.007" /><testcase classname="test_25_competences_plan.TestSavePrequis" name="test_save_prerequis_empty_comments_clears_all" time="0.006" /><testcase classname="test_25_competences_plan.TestGetPrerequisites" name="test_get_returns_list" time="0.002" /><testcase classname="test_25_competences_plan.TestGetPrerequisites" name="test_get_unknown_user_returns_empty_list" time="0.002" /><testcase classname="test_25_competences_plan.TestGetPrerequisites" name="test_get_after_save_returns_saved_comments" time="0.004" /><testcase classname="test_25_competences_plan.TestGetPrerequisites" name="test_get_returns_expected_fields" time="0.004" /><testcase classname="test_25_competences_plan.TestGeneratePlan" name="test_generate_plan_returns_ok_true" time="0.004" /><testcase classname="test_25_competences_plan.TestGeneratePlan" name="test_generate_plan_returns_plan_key" time="0.003" /><testcase classname="test_25_competences_plan.TestGeneratePlan" name="test_generate_plan_dummy_has_type_field" time="0.003" /><testcase classname="test_25_competences_plan.TestGeneratePlan" name="test_generate_plan_dummy_has_axes" time="0.003" /><testcase classname="test_25_competences_plan.TestGeneratePlan" name="test_generate_plan_with_empty_contexte" time="0.003" /><testcase classname="test_25_competences_plan.TestSavePlan" name="test_save_plan_creates_new_entry" time="0.003" /><testcase classname="test_25_competences_plan.TestSavePlan" name="test_save_plan_returns_plan_id" time="0.002" /><testcase classname="test_25_competences_plan.TestSavePlan" name="test_save_plan_conflict_returns_409_without_force" time="0.003" /><testcase classname="test_25_competences_plan.TestSavePlan" name="test_save_plan_force_true_replaces_existing" time="0.004" /><testcase classname="test_25_competences_plan.TestSavePlan" name="test_save_plan_missing_user_id_returns_400" time="0.001" /><testcase classname="test_25_competences_plan.TestSavePlan" name="test_save_plan_missing_activity_id_returns_400" time="0.001" /><testcase classname="test_25_competences_plan.TestSavePlan" name="test_save_plan_missing_plan_returns_400" time="0.001" /><testcase classname="test_25_competences_plan.TestGetPlan" name="test_get_plan_unknown_returns_404" time="0.001" /><testcase classname="test_25_competences_plan.TestGetPlan" name="test_get_plan_after_save_returns_ok" time="0.003" /><testcase classname="test_25_competences_plan.TestGetPlan" name="test_get_plan_returns_correct_content" time="0.003" /><testcase classname="test_25_competences_plan.TestGetPlan" name="test_get_plan_has_meta_fields" time="0.003" /><testcase classname="test_26_import_tasks.TestImportTasksValidate" name="test_validate_csv_valid_row_returns_ok_status" time="0.003" /><testcase classname="test_26_import_tasks.TestImportTasksValidate" name="test_validate_csv_unknown_activity_is_error" time="0.002" /><testcase classname="test_26_import_tasks.TestImportTasksValidate" name="test_validate_csv_missing_task_name_is_error" time="0.002" /><testcase classname="test_26_import_tasks.TestImportTasksValidate" name="test_validate_json_valid_row_returns_ok" time="0.002" /><testcase classname="test_26_import_tasks.TestImportTasksValidate" name="test_validate_json_with_connections_parses_links" time="0.003" /><testcase classname="test_26_import_tasks.TestImportTasksValidate" name="test_validate_json_invalid_data_type_becomes_warning" time="0.002" /><testcase classname="test_26_import_tasks.TestImportTasksValidate" name="test_validate_empty_content_returns_400" time="0.001" /><testcase classname="test_26_import_tasks.TestImportTasksValidate" name="test_validate_json_not_array_returns_400" time="0.001" /><testcase classname="test_26_import_tasks.TestImportTasksValidate" name="test_validate_response_contains_summary_keys" time="0.002" /><testcase classname="test_26_import_tasks.TestImportTasksValidate" name="test_validate_row_has_expected_fields" time="0.002" /><t
[...]
"test_56_result_capabilities.TestSaveCompetence" name="test_empty_description_returns_400" time="0.012" /><testcase classname="test_56_result_capabilities.TestSaveCompetence" name="test_save_valid_replaces_existing" time="0.017" /><testcase classname="test_56_result_capabilities.TestGenerateResultLinks" name="test_unknown_activity_returns_404" time="0.002" /><testcase classname="test_56_result_capabilities.TestGenerateResultLinks" name="test_no_result_returns_no_result_source" time="0.015" /><testcase classname="test_56_result_capabilities.TestGenerateResultLinks" name="test_with_result_no_ai_key_returns_empty_links" time="0.016" /><testcase classname="test_56_result_capabilities.TestGetResultLinks" name="test_unknown_activity_returns_404" time="0.002" /><testcase classname="test_56_result_capabilities.TestGetResultLinks" name="test_empty_when_no_links" time="0.015" /><testcase classname="test_56_result_capabilities.TestUpsertResultLink" name="test_unknown_activity_returns_404" time="0.002" /><testcase classname="test_56_result_capabilities.TestUpsertResultLink" name="test_invalid_payload_returns_400" time="0.011" /><testcase classname="test_56_result_capabilities.TestUpsertResultLink" name="test_create_manual_link_then_appears_in_get" time="0.025" /><testcase classname="test_56_result_capabilities.TestUpsertResultLink" name="test_create_link_is_not_duplicated" time="0.023" /><testcase classname="test_56_result_capabilities.TestUpsertResultLink" name="test_delete_link_by_delete_id" time="0.024" /><testcase classname="test_57_mastery.TestScale" name="test_scale_returns_five_levels" time="0.001" /><testcase classname="test_57_mastery.TestGetActivity" name="test_unknown_activity_returns_404" time="0.002" /><testcase classname="test_57_mastery.TestGetActivity" name="test_no_result_returns_null_global_level" time="0.012" /><testcase classname="test_57_mastery.TestGetActivity" name="test_result_not_evaluated_is_incomplete" time="0.019" /><testcase classname="test_57_mastery.TestEvaluate" name="test_missing_fields_returns_400" time="0.001" /><testcase classname="test_57_mastery.TestEvaluate" name="test_invalid_evaluator_returns_400" time="0.011" /><testcase classname="test_57_mastery.TestEvaluate" name="test_invalid_level_returns_400" time="0.011" /><testcase classname="test_57_mastery.TestEvaluate" name="test_not_a_result_returns_400" time="0.002" /><testcase classname="test_57_mastery.TestEvaluate" name="test_self_evaluation_does_not_validate_global_level" time="0.015" /><testcase classname="test_57_mastery.TestEvaluate" name="test_garant_evaluation_sets_global_level_and_color" time="0.017" /><testcase classname="test_57_mastery.TestEvaluate" name="test_low_level_gives_red_color" time="0.014" /><testcase classname="test_57_mastery.TestEvaluate" name="test_reevaluation_upserts_same_row" time="0.021" /><testcase classname="test_57_mastery.TestRequired" name="test_missing_fields_returns_400" time="0.001" /><testcase classname="test_57_mastery.TestRequired" name="test_invalid_level_returns_400" time="0.005" /><testcase classname="test_57_mastery.TestRequired" name="test_unknown_association_returns_404" time="0.006" /><testcase classname="test_57_mastery.TestRequired" name="test_set_required_valid" time="0.018" /><testcase classname="test_57_mastery.TestDashboard" name="test_unknown_role_returns_404" time="0.002" /><testcase classname="test_57_mastery.TestDashboard" name="test_dashboard_lists_linked_activity" time="0.020" /><testcase classname="test_57_mastery.TestDashboard" name="test_dashboard_empty_when_no_activities_linked" time="0.007" /><testcase classname="test_58_diagnostic.TestFamilies" name="test_families_returns_three_codes" time="0.001" /><testcase classname="test_58_diagnostic.TestGetDiagnostic" name="test_not_a_result_returns_400" time="0.002" /><testcase classname="test_58_diagnostic.TestGetDiagnostic" name="test_no_diagnostic_saved_defaults_empty" time="0.016" /><testcase classname="test_58_diagnostic.TestGetDiagnostic" name="test_includes_linked_capability_with_gap" time="0.018" /><testcase classname="test_58_diagnostic.TestSaveDiagnostic" name="test_missing_fields_returns_400" time="0.001" /><testcase classname="test_58_diagnostic.TestSaveDiagnostic" name="test_save_filters_unknown_family_codes" time="0.014" /><testcase classname="test_58_diagnostic.TestSaveDiagnostic" name="test_save_upserts_same_row" time="0.017" /><testcase classname="test_58_diagnostic.TestGeneratePlan" name="test_missing_fields_returns_400" time="0.001" /><testcase classname="test_58_diagnostic.TestGeneratePlan" name="test_no_individual_family_returns_no_plan" time="0.014" /><testcase classname="test_58_diagnostic.TestGeneratePlan" name="test_individual_family_no_ai_key_returns_explicit_source" time="0.016" /><testcase classname="test_58_diagnostic.TestGeneratePlan" name="test_families_from_payload_used_when_not_saved" time="0.016" /><testcase classname="test_59_i18n_settings_password.TestSecurityModule" name="test_hash_is_pbkdf2_600k" time="0.407" /><testcase classname="test_59_i18n_settings_password.TestSecurityModule" name="test_hash_fits_narrow_column" time="0.399" /><testcase classname="test_59_i18n_settings_password.TestSecurityModule" name="test_verify_roundtrip_and_reject" time="1.250" /><testcase classname="test_59_i18n_settings_password.TestSecurityModule" name="test_verify_accepts_legacy_formats" time="0.229" /><testcase classname="test_59_i18n_settings_password.TestSecurityModule" name="test_verify_never_raises_on_garbage" time="0.000" /><testcase classname="test_59_i18n_settings_password.TestPasswordChange" name="test_set_password_persists_and_login" time="2.829" /><testcase classname="test_59_i18n_settings_password.TestPasswordChange" name="test_set_password_too_short_rejected" time="0.410" /><testcase classname="test_59_i18n_settings_password.TestPasswordChange" name="test_reset_password_by_token" time="1.624" /><testcase classname="test_59_i18n_settings_password.TestPasswordChange" name="test_login_rehashes_legacy_scrypt" time="1.041" /><testcase classname="test_59_i18n_settings_password.TestEntrepriseSettings" name="test_single_setting_persists_after_reload" time="0.010" /><testcase classname="test_59_i18n_settings_password.TestEntrepriseSettings" name="test_unknown_key_rejected" time="0.001" /><testcase classname="test_59_i18n_settings_password.TestEntrepriseSettings" name="test_update_settings_form_persists" time="0.004" /><testcase classname="test_59_i18n_settings_password.TestEntrepriseSettings" name="test_calendar_params_uses_settings" time="0.005" /><testcase classname="test_59_i18n_settings_password.TestRoleTranslation" name="test_create_role_caches_current_lang" time="0.008" /><testcase classname="test_59_i18n_settings_password.TestRoleTranslation" name="test_rename_in_english_swaps_caches" time="0.017" /><testcase classname="test_59_i18n_settings_password.TestRoleTranslation" name="test_display_falls_back_without_openai" time="0.017" /><testcase classname="test_59_i18n_settings_password.TestRoleTranslation" name="test_display_names_uses_ai_when_available" time="0.029" /><testcase classname="test_59_i18n_settings_password.TestGestionRHTranslations" name="test_dcp_section_english" time="0.008" /><testcase classname="test_59_i18n_settings_password.TestGestionRHTranslations" name="test_dcp_section_french" time="0.006" /><testcase classname="test_59_i18n_settings_password.TestGestionRHTranslations" name="test_js_i18n_dictionaries_injected" time="0.008" /><testcase classname="test_60_setup_wizard.TestSetupMode" name="test_setup_page_rendue" time="0.012" /><testcase classname="test_60_setup_wizard.TestSetupMode" name="test_gate_redirige_tout_vers_setup" time="0.007" /><testcase classname="test_60_setup_wizard.TestSetupMode" name="test_healthz_reste_accessible" time="0.005" /><testcase classname="test_60_setup_wizard.TestSetupMode" name="test_ping_repond" time="0.005" /><testcase classname="test_60_setup_wizard.TestSetupMode" name="test_pas_de_mode_setup_si_deja_configure" time="0.001" /><testcase classname="test_60_setup_wizard.TestSetupApis" name="test_db_ko" time="0.021" /><testcase classname="test_60_setup_wizard.TestSetupApis" name="test_db_ok" time="0.009" /><testcase classname="test_60_setup_wizard.TestSetupApis" name="test_db_url_vide" time="0.005" /><testcase classname="test_60_setup_wizard.TestSetupApis" name="test_openai_cle_vide" time="0.007" /><testcase classname="test_60_setup_wizard.TestSetupApis" name="test_mail_champs_vides" time="0.005" /><testcase classname="test_60_setup_wizard.TestSetupApis" name="test_mail_port_invalide" time="0.005" /><testcase classname="test_60_setup_wizard.TestSetupApis" name="test_mail_echec_connexion" time="0.007" /><testcase classname="test_60_setup_wizard.TestSetupApis" name="test_finish_valide_email_admin" time="0.005" /><testcase classname="test_60_setup_wizard.TestSetupApis" name="test_finish_valide_mdp_court" time="0.005" /><testcase classname="test_60_setup_wizard.TestSetupApis" name="test_finish_ecrit_la_config" time="0.005" /><testcase classname="test_60_setup_wizard.TestSetupApis" name="test_scrub_admin_password" time="0.005" /><testcase classname="test_60_setup_wizard.TestLicenseApi" name="test_licence_invalide_rejetee" time="0.005" /><testcase classname="test_60_setup_wizard.TestLicenseApi" name="test_licence_repli_config_dir" time="0.001" /><testcase classname="test_61_admin_settings.TestAiKeyAccessor" name="test_repli_env" time="0.002" /><testcase classname="test_61_admin_settings.TestAiKeyAccessor" name="test_priorite_base_sur_env" time="0.005" /><testcase classname="test_61_admin_settings.TestAiKeyAccessor" name="test_masquage" time="0.000" /><testcase classname="test_61_admin_settings.TestAdminEndpoints" name="test_overview_admin" time="0.002" /><testcase classname="test_61_admin_settings.TestAdminEndpoints" name="test_reveal_et_sauvegarde" time="0.007" /><testcase classname="test_61_admin_settings.TestAdminEndpoints" name="test_format_invalide_rejete" time="0.002" /><testcase classname="test_61_admin_settings.TestAdminEndpoints" name="test_logs_admin" time="0.003" /><testcase classname="test_61_admin_settings.TestAdminEndpoints" name="test_page_parametres_signale_admin" time="0.002" /><testcase classname="test_61_admin_settings.TestNonAdminRefuse" name="test_endpoints_refuses" time="0.125" /><testcase classname="test_61_admin_settings.TestNonAdminRefuse" name="test_section_invisible" time="0.125" /><testcase classname="test_61_admin_settings.TestNonAdminRefuse" name="test_anonyme_refuse" time="0.001" /><testcase classname="test_61_pulse.TestInstrumentation" name="test_disabled_by_default_under_testing" time="0.061" /><testcase classname="test_61_pulse.TestInstrumentation" name="test_view_action_beat_recorded" time="0.063" /><testcase classname="test_61_pulse.TestInstrumentation" name="test_noise_endpoints_never_logged" time="0.008" /><testcase classname="test_61_pulse.TestInstrumentation" name="test_beat_requires_login_but_never_errors" time="0.004" /><testcase classname="test_61_pulse.TestAggregates" name="test_load_window" time="0.010" /><testcase classname="test_61_pulse.TestAggregates" name="test_summarize_tiles_and_online" time="0.010" /><testcase classname="test_61_pulse.TestAggregates" name="test_summarize_daily_and_pages" time="0.009" /><testcase classname="test_61_pulse.TestAggregates" name="test_summarize_users_and_journey" time="0.009" /><testcase classname="test_61_pulse.TestAggregates" name="test_source_error_is_graceful" time="0.001" /><testcase classname="test_61_pulse.TestAggregates" name="test_page_labels" time="0.000" /><testcase classname="test_61_pulse.TestPulseApp" name="test_everything_locked_without_login" time="0.015" /><testcase classname="test_61_pulse.TestPulseApp" name="test_login_wrong_then_right" time="0.865" /><testcase classname="test_61_pulse.TestPulseApp" name="test_rate_limit" time="0.019" /><testcase classname="test_61_pulse.TestPulseApp" name="test_overview_end_to_end" time="0.418" /><testcase classname="test_62_activities_constraints_items.TestAddConstraintViaActivitiesBlueprint" name="test_add_constraint_success" time="0.008" /><testcase classname="test_62_activities_constraints_items.TestAddConstraintViaActivitiesBlueprint" name="test_add_constraint_missing_activity_id" time="0.001" /><testcase classname="test_62_activities_constraints_items.TestAddConstraintViaActivitiesBlueprint" name="test_add_constraint_missing_description" time="0.004" /><testcase classname="test_62_activities_constraints_items.TestAddConstraintViaActivitiesBlueprint" name="test_add_constraint_no_body" time="0.001" /><testcase classname="test_62_activities_constraints_items.TestAddDataViaActivitiesBlueprint" name="test_add_data_success" time="0.003" /><testcase classname="test_62_activities_constraints_items.TestAddDataViaActivitiesBlueprint" name="test_add_data_missing_name" time="0.001" /><testcase classname="test_62_activities_constraints_items.TestAddDataViaActivitiesBlueprint" name="test_add_data_missing_type" time="0.001" /><testcase classname="test_62_activities_constraints_items.TestActivityItemsApi" name="test_activity_items_returns_linked_savoirs_savoir_faires_hsc" time="0.006" /><testcase classname="test_62_activities_constraints_items.TestActivityItemsApi" name="test_activity_items_no_niveau_omits_parentheses" time="0.005" /><testcase classname="test_62_activities_constraints_items.TestActivityItemsApi" name="test_activity_items_unknown_activity_returns_empty_lists" time="0.001" /><testcase classname="test_62_activities_constraints_items.TestActivityItemsApi" name="test_activity_items_no_auth_still_reachable" time="0.001" /><testcase classname="test_62_task_tool_files" name="test_task_created_with_file" time="0.024" /><testcase classname="test_62_task_tool_files" name="test_task_file_added_afterwards" time="0.018" /><testcase classname="test_62_task_tool_files" name="test_task_file_cleared_by_empty_string" time="0.021" /><testcase classname="test_62_task_tool_files" name="test_task_rename_keeps_its_file" time="0.020" /><testcase classname="test_62_task_tool_files" name="test_tool_file_added_after_creation" time="0.014" /><testcase classname="test_62_task_tool_files" name="test_tool_sheet_can_edit_name_and_description" time="0.015" /><testcase classname="test_62_task_tool_files" name="test_tools_all_exposes_description_and_file" time="0.015" /><testcase classname="test_62_task_tool_files" name="test_task_and_tool_files_are_independent" time="0.023" /><testcase classname="test_63_cartography_translate_advanced.TestUpdateCartographySuccessAndError" name="test_success_returns_200_with_summary" time="0.006" /><testcase classname="test_63_cartography_translate_advanced.TestUpdateCartographySuccessAndError" name="test_processing_exception_returns_500" time="0.005" /><testcase classname="test_63_cartography_translate_advanced.TestTranslateSoftskillsWithMockedClient" name="test_success_fr_maps_niveau_and_includes_outgoing_performance" time="0.002" /><testcase classname="test_63_cartography_translate_advanced.TestTranslateSoftskillsWithMockedClient" name="test_success_en_uses_english_prompt_and_niveau_map" time="0.003" /><testcase classname="test_63_cartography_translate_advanced.TestTranslateSoftskillsWithMockedClient" name="test_dict_response_is_wrapped_into_list" time="0.002" /><testcase classname="test_63_cartography_translate_advanced.TestTranslateSoftskillsWithMockedClient" name="test_non_object_json_returns_400" time="0.002" /><testcase classname="test_63_cartography_translate_advanced.TestTranslateSoftskillsWithMockedClient" name="test_invalid_json_returns_400_with_parse_error" time="0.002" /><testcase classname="test_63_cartography_translate_advanced.TestTranslateSoftskillsWithMockedClient" name="test_client_exception_returns_500" time="0.002" /><testcase classname="test_63_cartography_translate_advanced.TestTranslateSoftskillsWithMockedClient" name="test_non_digit_niveau_left_untouched" time="0.002" /><testcase classname="test_64_activities_map_gaps.TestEntityCrudGaps" name="test_delete_active_entity_reassigns_session" time="0.015" /><testcase classname="test_64_activities_map_gaps.TestEntityCrudGaps" name="test_update_entity_description_only" time="0.006" /><testcase classname="test_64_activities_map_gaps.TestSvgExtractAndSync" name="test_upload_new_svg_extracts_renames_adds_deletes" time="0.029" /><testcase classname="test_64_activities_map_gaps.TestSvgExtractAndSync" name="test_keep_svg_without_existing_file_does_not_crash" time="0.007" /><testcase classname="test_64_activities_map_gaps.TestSvgExtractAndSync" name="test_upload_uses_active_entity_when_no_entity_id" time="0.011" /><testcase classname="test_64_activities_map_gaps.TestCrossCartoMatchesReal" name="test_matches_from_json_carto_and_from_plain_activities" time="0.022" /><testcase classname="test_64_activities_map_gaps.TestLiaisonFullCycle" name="test_officialize_liaison_propagates_links_and_injects_shapes" time="0.031" /><testcase classname="test_64_activities_map_gaps.TestLiaisonFullCycle" name="test_liaison_matches_reports_existing_liaison" time="0.033" /><testcase classname="test_64_activities_map_gaps.TestLiaisonFullCycle" name="test_reverse_liaisons_map_and_reverse_liaisons" time="0.022" /><testcase classname="test_64_activities_map_gaps.TestLiaisonFullCycle" name="test_liaison_deoffice_preview_and_deoffice_cleanup" time="0.036" /><testcase classname="test_65_panel_api.TestFiabilite" name="test_aucun_cas_joue_donne_none" time="0.000" /><testcase classname="test_65_panel_api.TestFiabilite" name="test_les_non_joues_sont_exclus_du_calcul" time="0.000" /><testcase classname="test_65_panel_api.TestFiabilite" name="test_echecs_et_erreurs_comptent_pour_du_rouge" time="0.000" /><testcase classname="test_65_panel_api.TestFiabilite" name="test_arrondi_a_l_entier" time="0.000" /><testcase classname="test_65_panel_api.TestApiEtat" name="test_repond_avec_le_compte_des_pages_et_des_cas" time="2.066" /><testcase classname="test_65_panel_api.TestApiPages" name="test_catalogue_complet" time="2.122" /><testcase classname="test_65_panel_api.TestApiPages" name="test_chaque_page_porte_ce_que_le_hub_affiche" time="1.794" /><testcase classname="test_65_panel_api.TestApiPages" name="test_ce_fichier_de_tests_figure_au_catalogue" time="2.028" /><testcase classname="test_65_panel_api.TestApiPage" name="test_detail_d_une_page_liste_ses_cas" time="1.688" /><testcase classname="test_65_panel_api.TestApiPage" name="test_page_inconnue_donne_404" time="0.002" /><testcase classname="test_65_panel_api.TestPlafondDesExecutions" name="test_les_creneaux_se_prennent_et_se_rendent" time="0.000" /><testcase classname="test_65_panel_api.TestPlafondDesExecutions" name="test_un_run_refuse_est_clos_sans_lancer_pytest" time="0.007" /><testcase classname="test_65_panel_api.TestPlafondDesExecutions" name="test_le_creneau_est_rendu_meme_si_l_execution_echoue" time="0.001" /><testcase classname="test_65_panel_api.TestPontDuHub" name="test_un_post_porte_un_corps_vide_explicite" time="0.001" /><testcase classname="test_65_panel_api.TestPontDuHub" name="test_la_portee_page_vise_la_bonne_route" time="0.001" /><testcase classname="test_65_panel_api.TestPontDuHub" name="test_instance_injoignable_donne_un_message_lisible" time="0.001" /><testcase classname="test_65_panel_api.TestRecensementDesCas" name="test_les_fonctions_de_module_sont_recensees" time="1.944" /><testcase classname="test_65_panel_api.TestRecensementDesCas" name="test_le_node_id_d_une_fonction_de_module_n_a_pas_de_classe" time="1.768" /><testcase classname="test_65_panel_api.TestRecensementDesCas" name="test_le_node_id_reste_jouable_par_pytest" time="0.003" /><testcase classname="test_65_panel_api.TestRecensementDesCas" name="test_un_resultat_de_fonction_de_module_retrouve_son_cas" time="0.001" /><testcase classname="test_65_panel_api.TestSyncTolerant" name="test_le_catalogue_reste_lisible_si_le_recensement_echoue" time="0.106" /></testsuite></testsuites>