<?xml version="1.0" encoding="utf-8"?><testsuites name="pytest tests"><testsuite name="pytest" errors="0" failures="0" skipped="0" tests="78" time="1.290" timestamp="2026-02-18T14:58:24.207387+01:00" hostname="pcduMalou"><testcase classname="test_01_auth.TestLoginPage" name="test_login_page_accessible" time="0.794" /><testcase classname="test_01_auth.TestLoginPage" name="test_login_page_contains_form" time="0.001" /><testcase classname="test_01_auth.TestLoginPage" name="test_login_invalid_email" time="0.004" /><testcase classname="test_01_auth.TestLoginPage" name="test_login_wrong_password" time="0.075" /><testcase classname="test_01_auth.TestLoginPage" name="test_login_correct_credentials" time="0.065" /><testcase classname="test_01_auth.TestLoginPage" name="test_logout_redirects" time="0.003" /><testcase classname="test_01_auth.TestAuthCurrentUser" name="test_current_user_endpoint_exists" time="0.000" /><testcase classname="test_01_auth.TestAuthCurrentUser" name="test_healthz_always_available" time="0.000" /><testcase classname="test_02_activities.TestActivitiesView" name="test_view_redirects_or_shows_page" time="0.007" /><testcase classname="test_02_activities.TestActivitiesView" name="test_view_accessible_authenticated" time="0.001" /><testcase classname="test_02_activities.TestActivitiesView" name="test_view_contains_activity_keyword" time="0.001" /><testcase classname="test_02_activities.TestActivitiesView" name="test_view_returns_html" time="0.001" /><testcase classname="test_02_activities.TestActivitiesDetails" name="test_get_activity_details" time="0.046" /><testcase classname="test_02_activities.TestActivitiesDetails" name="test_get_activity_details_not_found" time="0.001" /><testcase classname="test_02_activities.TestActivitiesDetails" name="test_activity_details_has_name" time="0.003" /><testcase classname="test_02_activities.TestActivitiesRoutes" name="test_task_reorder_endpoint" time="0.006" /><testcase classname="test_02_activities.TestActivitiesRoutes" name="test_view_page_has_tasks_section" time="0.001" /><testcase classname="test_03_tasks.TestTasksCRUD" name="test_add_task" time="0.005" /><testcase classname="test_03_tasks.TestTasksCRUD" name="test_add_task_missing_name" time="0.001" /><testcase classname="test_03_tasks.TestTasksCRUD" name="test_add_task_missing_activity" time="0.001" /><testcase classname="test_03_tasks.TestTasksCRUD" name="test_update_task" time="0.006" /><testcase classname="test_03_tasks.TestTasksCRUD" name="test_update_task_not_found" time="0.001" /><testcase classname="test_03_tasks.TestTasksCRUD" name="test_delete_task_not_found" time="0.001" /><testcase classname="test_03_tasks.TestTasksRoles" name="test_get_task_roles_returns_data" time="0.002" /><testcase classname="test_03_tasks.TestTasksRoles" name="test_add_role_to_task_invalid" time="0.002" /><testcase classname="test_03_tasks.TestTasksRoles" name="test_remove_role_from_task_not_found" time="0.001" /><testcase classname="test_03_tasks.TestTasksRender" name="test_render_tasks_route_exists" time="0.012" /><testcase classname="test_03_tasks.TestTasksReorder" name="test_reorder_tasks" time="0.002" /><testcase classname="test_04_constraints.TestConstraintsCRUD" name="test_add_constraint" time="0.006" /><testcase classname="test_04_constraints.TestConstraintsCRUD" name="test_add_constraint_empty_description" time="0.001" /><testcase classname="test_04_constraints.TestConstraintsCRUD" name="test_add_constraint_activity_not_found" time="0.001" /><testcase classname="test_04_constraints.TestConstraintsCRUD" name="test_update_constraint" time="0.007" /><testcase classname="test_04_constraints.TestConstraintsCRUD" name="test_delete_constraint" time="0.005" /><testcase classname="test_04_constraints.TestConstraintsCRUD" name="test_delete_constraint_not_found" time="0.001" /><testcase classname="test_04_constraints.TestConstraintsCRUD" name="test_render_constraints" time="0.003" /><testcase classname="test_04_constraints.TestConstraintsCRUD" name="test_render_constraints_activity_not_found" time="0.001" /><testcase classname="test_05_aptitudes.TestAptitudesCRUD" name="test_add_aptitude" time="0.004" /><testcase classname="test_05_aptitudes.TestAptitudesCRUD" name="test_add_aptitude_empty_description" time="0.000" /><testcase classname="test_05_aptitudes.TestAptitudesCRUD" name="test_update_aptitude" time="0.006" /><testcase classname="test_05_aptitudes.TestAptitudesCRUD" name="test_delete_aptitude" time="0.005" /><testcase classname="test_05_aptitudes.TestAptitudesCRUD" name="test_delete_aptitude_not_found" time="0.001" /><testcase classname="test_05_aptitudes.TestAptitudesCRUD" name="test_render_aptitudes" time="0.004" /><testcase classname="test_06_softskills.TestSoftskillsCRUD" name="test_add_softskill" time="0.005" /><testcase classname="test_06_softskills.TestSoftskillsCRUD" name="test_add_softskill_missing_fields" time="0.001" /><testcase classname="test_06_softskills.TestSoftskillsCRUD" name="test_update_softskill" time="0.007" /><testcase classname="test_06_softskills.TestSoftskillsCRUD" name="test_delete_softskill" time="0.006" /><testcase classname="test_06_softskills.TestSoftskillsCRUD" name="test_delete_softskill_not_found" time="0.001" /><testcase classname="test_06_softskills.TestSoftskillsCRUD" name="test_render_softskills" time="0.005" /><testcase classname="test_07_performance.TestPerformanceCRUD" name="test_add_performance" time="0.004" /><testcase classname="test_07_performance.TestPerformanceCRUD" name="test_add_performance_missing_name" time="0.001" /><testcase classname="test_07_performance.TestPerformanceCRUD" name="test_update_performance_not_found" time="0.001" /><testcase classname="test_07_performance.TestPerformanceCRUD" name="test_delete_performance_not_found" time="0.001" /><testcase classname="test_07_performance.TestPerformanceCRUD" name="test_render_performance_for_link" time="0.001" /><testcase classname="test_07_performance.TestPerformanceCRUD" name="test_render_performance_for_activity" time="0.002" /><testcase classname="test_07_performance.TestPerformanceCRUD" name="test_performance_add_and_delete" time="0.010" /><testcase classname="test_08_task_links.TestTaskLinkAssignments" name="test_assign_link_to_task" time="0.003" /><testcase classname="test_08_task_links.TestTaskLinkAssignments" name="test_assign_missing_fields" time="0.001" /><testcase classname="test_08_task_links.TestTaskLinkAssignments" name="test_get_assignments_for_activity" time="0.001" /><testcase classname="test_08_task_links.TestTaskLinkAssignments" name="test_get_assignments_empty_activity" time="0.001" /><testcase classname="test_08_task_links.TestTaskLinkAssignments" name="test_unassign_link" time="0.005" /><testcase classname="test_08_task_links.TestTaskLinkAssignments" name="test_unassign_nonexistent" time="0.001" /><testcase classname="test_08_task_links.TestTaskLinkAssignments" name="test_assign_then_reassign" time="0.005" /><testcase classname="test_09_time.TestTimePage" name="test_time_page_accessible" time="0.005" /><testcase classname="test_09_time.TestTimePage" name="test_get_calendar_params" time="0.001" /><testcase classname="test_09_time.TestTimePage" name="test_get_activity_defaults" time="0.003" /><testcase classname="test_09_time.TestTimePage" name="test_get_activity_time_empty" time="0.002" /><testcase classname="test_09_time.TestTimePage" name="test_post_activity_time" time="0.002" /><testcase classname="test_09_time.TestTimePage" name="test_delete_activity_time" time="0.002" /><testcase classname="test_09_time.TestTimePage" name="test_get_activities_list" time="0.001" /><testcase classname="test_09_time.TestTimePage" name="test_get_projects_list" time="0.001" /><testcase classname="test_09_time.TestTimePage" name="test_get_time_analyses_list" time="0.001" /><testcase classname="test_09_time.TestTimePage" name="test_create_time_analysis" time="0.004" /><testcase classname="test_09_time.TestTimePage" name="test_get_role_analyses_list" time="0.001" /><testcase classname="test_10_roles.TestRolesList" name="test_list_roles" time="0.001" /><testcase classname="test_10_roles.TestRolesList" name="test_assign_garant_to_activity_not_found" time="0.000" /><testcase classname="test_10_roles.TestRolesList" name="test_update_role_not_found" time="0.001" /><testcase classname="test_10_roles.TestRolesList" name="test_delete_role_not_found" time="0.001" /><testcase classname="test_10_roles.TestRolesList" name="test_role_lifecycle" time="0.065" /></testsuite></testsuites>